 ******* Program HYDRUS
 ******* Test example for Onestep outflow method                                
  
 Date:   1.10.    Time:  14:11:25
 Units: L = cm   , T = hours, M = mmol 

-----------------------------------------------------
 Time       [T]       .0000
-----------------------------------------------------
 Sub-region num.                   1          2
-----------------------------------------------------
 Area     [L]         .452E+01   .393E+01   .587E+00
 W-volume [L]         .211E+01   .152E+01   .582E+00
 In-flow  [L/T]       .000E+00   .000E+00   .000E+00
 h Mean   [L]        -.155E+02  -.336E-01  -.119E+03
 Top Flux [L/T]       .189E-05
 Bot Flux [L/T]      -.211E+02
-----------------------------------------------------

-----------------------------------------------------
 Time       [T]       .0170
-----------------------------------------------------
 Sub-region num.                   1          2
-----------------------------------------------------
 Area     [L]         .452E+01   .393E+01   .587E+00
 W-volume [L]         .202E+01   .144E+01   .581E+00
 In-flow  [L/T]      -.509E+01  -.506E+01  -.298E-01
 h Mean   [L]        -.784E+02  -.150E+02  -.503E+03
 Top Flux [L/T]      -.665E-01
 Bot Flux [L/T]      -.509E+01
 WatBalT  [L]         .447E-06
 WatBalR  [%]             .001
-----------------------------------------------------

-----------------------------------------------------
 Time       [T]       .0330
-----------------------------------------------------
 Sub-region num.                   1          2
-----------------------------------------------------
 Area     [L]         .452E+01   .393E+01   .587E+00
 W-volume [L]         .194E+01   .136E+01   .581E+00
 In-flow  [L/T]      -.399E+01  -.394E+01  -.489E-01
 h Mean   [L]        -.105E+03  -.293E+02  -.610E+03
 Top Flux [L/T]      -.532E-01
 Bot Flux [L/T]      -.399E+01
 WatBalT  [L]         .626E-06
 WatBalR  [%]             .000
-----------------------------------------------------

-----------------------------------------------------
 Time       [T]       .0500
-----------------------------------------------------
 Sub-region num.                   1          2
-----------------------------------------------------
 Area     [L]         .452E+01   .393E+01   .587E+00
 W-volume [L]         .190E+01   .132E+01   .581E+00
 In-flow  [L/T]      -.217E+01  -.216E+01  -.339E-02
 h Mean   [L]        -.139E+03  -.418E+02  -.788E+03
 Top Flux [L/T]      -.401E-01
 Bot Flux [L/T]      -.217E+01
 WatBalT  [L]         .700E-06
 WatBalR  [%]             .000
-----------------------------------------------------

-----------------------------------------------------
 Time       [T]       .1670
-----------------------------------------------------
 Sub-region num.                   1          2
-----------------------------------------------------
 Area     [L]         .452E+01   .393E+01   .587E+00
 W-volume [L]         .177E+01   .119E+01   .580E+00
 In-flow  [L/T]      -.612E+00  -.612E+00  -.156E-03
 h Mean   [L]        -.194E+03  -.825E+02  -.940E+03
 Top Flux [L/T]      -.128E-01
 Bot Flux [L/T]      -.612E+00
 WatBalT  [L]         .507E-06
 WatBalR  [%]             .000
-----------------------------------------------------

-----------------------------------------------------
 Time       [T]       .5000
-----------------------------------------------------
 Sub-region num.                   1          2
-----------------------------------------------------
 Area     [L]         .452E+01   .393E+01   .587E+00
 W-volume [L]         .167E+01   .109E+01   .580E+00
 In-flow  [L/T]      -.186E+00  -.185E+00  -.175E-04
 h Mean   [L]        -.254E+03  -.146E+03  -.982E+03
 Top Flux [L/T]      -.425E-02
 Bot Flux [L/T]      -.186E+00
 WatBalT  [L]         .775E-06
 WatBalR  [%]             .000
-----------------------------------------------------

-----------------------------------------------------
 Time       [T]      1.0330
-----------------------------------------------------
 Sub-region num.                   1          2
-----------------------------------------------------
 Area     [L]         .452E+01   .393E+01   .587E+00
 W-volume [L]         .161E+01   .103E+01   .580E+00
 In-flow  [L/T]      -.821E-01  -.821E-01  -.326E-05
 h Mean   [L]        -.312E+03  -.211E+03  -.992E+03
 Top Flux [L/T]      -.183E-02
 Bot Flux [L/T]      -.821E-01
 WatBalT  [L]         .477E-06
 WatBalR  [%]             .000
-----------------------------------------------------

-----------------------------------------------------
 Time       [T]      2.7500
-----------------------------------------------------
 Sub-region num.                   1          2
-----------------------------------------------------
 Area     [L]         .452E+01   .393E+01   .587E+00
 W-volume [L]         .154E+01   .958E+00   .580E+00
 In-flow  [L/T]      -.258E-01  -.258E-01  -.438E-06
 h Mean   [L]        -.427E+03  -.342E+03  -.998E+03
 Top Flux [L/T]      -.599E-03
 Bot Flux [L/T]      -.258E-01
 WatBalT  [L]        -.477E-06
 WatBalR  [%]             .000
-----------------------------------------------------

-----------------------------------------------------
 Time       [T]      5.4170
-----------------------------------------------------
 Sub-region num.                   1          2
-----------------------------------------------------
 Area     [L]         .452E+01   .393E+01   .587E+00
 W-volume [L]         .150E+01   .919E+00   .580E+00
 In-flow  [L/T]      -.108E-01  -.108E-01  -.969E-07
 h Mean   [L]        -.539E+03  -.471E+03  -.999E+03
 Top Flux [L/T]      -.265E-03
 Bot Flux [L/T]      -.108E-01
 WatBalT  [L]         .417E-06
 WatBalR  [%]             .000
-----------------------------------------------------

-----------------------------------------------------
 Time       [T]     10.0000
-----------------------------------------------------
 Sub-region num.                   1          2
-----------------------------------------------------
 Area     [L]         .452E+01   .393E+01   .587E+00
 W-volume [L]         .147E+01   .891E+00   .580E+00
 In-flow  [L/T]      -.470E-02  -.470E-02  -.271E-07
 h Mean   [L]        -.661E+03  -.610E+03  -.100E+04
 Top Flux [L/T]      -.119E-03
 Bot Flux [L/T]      -.469E-02
 WatBalT  [L]        -.519E-05
 WatBalR  [%]             .001
-----------------------------------------------------

-----------------------------------------------------
 Time       [T]     15.0000
-----------------------------------------------------
 Sub-region num.                   1          2
-----------------------------------------------------
 Area     [L]         .452E+01   .393E+01   .587E+00
 W-volume [L]         .146E+01   .876E+00   .580E+00
 In-flow  [L/T]      -.259E-02  -.259E-02  -.103E-07
 h Mean   [L]        -.748E+03  -.710E+03  -.100E+04
 Top Flux [L/T]      -.678E-04
 Bot Flux [L/T]      -.260E-02
 WatBalT  [L]         .596E-07
 WatBalR  [%]             .000
-----------------------------------------------------

-----------------------------------------------------
 Time       [T]    100.0000
-----------------------------------------------------
 Sub-region num.                   1          2
-----------------------------------------------------
 Area     [L]         .452E+01   .393E+01   .587E+00
 W-volume [L]         .143E+01   .847E+00   .580E+00
 In-flow  [L/T]      -.288E-04  -.288E-04  -.603E-10
 h Mean   [L]        -.996E+03  -.996E+03  -.100E+04
 Top Flux [L/T]      -.920E-06
 Bot Flux [L/T]      -.266E-04
 WatBalT  [L]        -.678E-04
 WatBalR  [%]             .010
-----------------------------------------------------
