 ************************************************************************
 *                                                                      *
 *                                                                      *
 *Test example for Onestep outflow method                               *
 *Test example for Onestep outflow method                               *
 *                                                                      *
 ************************************************************************


 Program parameters
 ==================
 Max. iterations.....................(MIT)............... 50
 No. of observations.................(NOBb).............  10


 Soil hydraulic properties
 =========================
 Residual moisture content...........(WCR)............      .150
 Saturated moisture content..........(WCS)............      .388
 First coefficient...................(ALPHA)..........      .025
 Second coefficeint..................(N)..............     1.500
 Saturated conductivity..............(CONDS).......... .5400E+01
 Pore conectivity factor.............(L)..............      .500


 Soil hydraulic properties
 =========================
 Residual moisture content...........(WCR)............      .000
 Saturated moisture content..........(WCS)............     1.000
 First coefficient...................(ALPHA)..........      .000
 Second coefficeint..................(N)..............     1.001
 Saturated conductivity..............(CONDS).......... .3000E-02
 Pore conectivity factor.............(L)..............      .500


 Observed Quantity 
 ==================
    Obs     Time    Quantity     Type  Position   Weight
     1       .017      -.079       0     2      1.000000
     2       .033      -.162       0     2      1.000000
     3       .050      -.210       0     2      1.000000
     4       .167      -.341       0     2      1.000000
     5       .500      -.446       0     2      1.000000
     6      1.033      -.498       0     2      1.000000
     7      2.750      -.561       0     2      1.000000
     8      5.417      -.594       0     2      1.000000
     9    100.000      -.682       0     2      1.000000
    10 -15000.000       .157       5     1      1.000000



 Parameter estimation with the  1. initial estimate
 ==================================================

 Iteration     SSQ        WCR        ALPHA      N     
      0    .5337D-01     .15000     .02500    1.50000
      1    .1753D-02     .15946     .03225    1.37601
      2    .1154D-02     .16517     .03626    1.41086
      3    .1152D-02     .17031     .03756    1.43511


 No further reduction in SSQ obtained, optimization stopped


 Mass balance error in FE solution during final run was   .0100 %

 RSQUARE for regression of predicted vs observed = .99871


 Correlation matrix
 ==================
         1          2          3
   1   1.0000
   2    .6628     1.0000
   3    .9868      .6886     1.0000

 Non-linear least-squares analysis: final results
 ================================================
                                           95% Confidence limits
 Variable        Value        S.E.Coeff.     Lower         Upper
   WCR          .170311         .01499       .13486       .20576
   ALPHA        .037559         .00354       .02918       .04594
   N           1.435112         .06424      1.28321      1.58701


 Contributions to the final objective function

 Measurement Set   0:    .4335E-03
 Measurement Set   5:    .7366E-03


------------Observed & Fitted Quantity -----------------------------
                                               Resi-
    No     Time           Obs        Fitted    dual   Type  Position
    1       .017         -.079        -.088     .009     0     2
    2       .033         -.162        -.163     .001     0     2
    3       .050         -.210        -.211     .001     0     2
    4       .167         -.341        -.334    -.007     0     2
    5       .500         -.446        -.438    -.008     0     2
    6      1.033         -.498        -.498     .000     0     2
    7      2.750         -.561        -.568     .006     0     2
    8      5.417         -.594        -.607     .013     0     2
    9    100.000         -.682        -.679    -.003     0     2
   10 -15000.000          .157         .184    -.027     5     1


  Pressure    Log P      WC       Rel K     Log RK      Abs K    Log KA     Diffus     Log D
  .000E+00             .3880     .100E+01             .540E+01
  .141E+01    .150     .3870     .521E+00   -.283     .281E+01    .449     .289E+04   3.461
  .168E+01    .225     .3868     .490E+00   -.309     .265E+01    .423     .254E+04   3.405
  .200E+01    .300     .3864     .459E+00   -.339     .248E+01    .394     .222E+04   3.346
  .237E+01    .375     .3860     .426E+00   -.371     .230E+01    .362     .193E+04   3.285
  .282E+01    .450     .3854     .392E+00   -.407     .212E+01    .326     .166E+04   3.221
  .335E+01    .525     .3847     .358E+00   -.447     .193E+01    .286     .143E+04   3.155
  .398E+01    .600     .3839     .323E+00   -.491     .174E+01    .241     .122E+04   3.085
  .473E+01    .675     .3828     .288E+00   -.541     .155E+01    .192     .103E+04   3.012
  .562E+01    .750     .3814     .253E+00   -.596     .137E+01    .136     .864E+03   2.936
  .668E+01    .825     .3797     .219E+00   -.659     .118E+01    .074     .719E+03   2.857
  .794E+01    .900     .3775     .187E+00   -.729     .101E+01    .004     .593E+03   2.773
  .944E+01    .975     .3750     .156E+00   -.807     .843E+00   -.074     .485E+03   2.686
  .112E+02   1.050     .3719     .128E+00   -.894     .690E+00   -.161     .393E+03   2.595
  .133E+02   1.125     .3682     .102E+00   -.991     .552E+00   -.258     .316E+03   2.500
  .158E+02   1.200     .3638     .797E-01  -1.099     .430E+00   -.366     .252E+03   2.401
  .188E+02   1.275     .3588     .606E-01  -1.217     .327E+00   -.485     .199E+03   2.298
  .224E+02   1.350     .3531     .449E-01  -1.348     .242E+00   -.615     .156E+03   2.193
  .266E+02   1.425     .3468     .324E-01  -1.490     .175E+00   -.757     .121E+03   2.084
  .316E+02   1.500     .3399     .228E-01  -1.643     .123E+00   -.910     .938E+02   1.972
  .376E+02   1.575     .3325     .156E-01  -1.807     .842E-01  -1.075     .722E+02   1.859
  .447E+02   1.650     .3248     .104E-01  -1.981     .564E-01  -1.249     .553E+02   1.743
  .531E+02   1.725     .3168     .684E-02  -2.165     .369E-01  -1.432     .422E+02   1.625
  .631E+02   1.800     .3088     .440E-02  -2.357     .238E-01  -1.624     .321E+02   1.507
  .750E+02   1.875     .3007     .278E-02  -2.555     .150E-01  -1.823     .244E+02   1.387
  .891E+02   1.950     .2928     .174E-02  -2.760     .938E-02  -2.028     .184E+02   1.266
  .106E+03   2.025     .2851     .107E-02  -2.970     .578E-02  -2.238     .139E+02   1.145
  .126E+03   2.100     .2777     .653E-03  -3.185     .353E-02  -2.452     .105E+02   1.023
  .150E+03   2.175     .2705     .396E-03  -3.403     .214E-02  -2.670     .795E+01    .900
  .178E+03   2.250     .2638     .238E-03  -3.623     .129E-02  -2.891     .599E+01    .777
  .211E+03   2.325     .2574     .142E-03  -3.846     .769E-03  -3.114     .451E+01    .654
  .251E+03   2.400     .2513     .849E-04  -4.071     .459E-03  -3.339     .340E+01    .531
  .299E+03   2.475     .2457     .504E-04  -4.297     .272E-03  -3.565     .256E+01    .408
  .355E+03   2.550     .2403     .299E-04  -4.525     .161E-03  -3.792     .192E+01    .284
  .422E+03   2.625     .2354     .177E-04  -4.753     .954E-04  -4.020     .145E+01    .161
  .501E+03   2.700     .2307     .104E-04  -4.982     .563E-04  -4.249     .109E+01    .037
  .596E+03   2.775     .2264     .615E-05  -5.211     .332E-04  -4.479     .819E+00   -.087
  .708E+03   2.850     .2224     .362E-05  -5.441     .195E-04  -4.709     .616E+00   -.210
  .841E+03   2.925     .2187     .213E-05  -5.672     .115E-04  -4.939     .463E+00   -.334
  .100E+04   3.000     .2152     .125E-05  -5.902     .676E-05  -5.170     .348E+00   -.458
  .119E+04   3.075     .2119     .736E-06  -6.133     .398E-05  -5.401     .262E+00   -.582
  .141E+04   3.150     .2089     .433E-06  -6.364     .234E-05  -5.632     .197E+00   -.706
  .168E+04   3.225     .2062     .254E-06  -6.595     .137E-05  -5.863     .148E+00   -.830
  .200E+04   3.300     .2036     .149E-06  -6.826     .805E-06  -6.094     .111E+00   -.954
  .237E+04   3.375     .2012     .876E-07  -7.058     .473E-06  -6.325     .837E-01  -1.078
  .282E+04   3.450     .1989     .514E-07  -7.289     .278E-06  -6.557     .629E-01  -1.201
  .335E+04   3.525     .1969     .302E-07  -7.520     .163E-06  -6.788     .473E-01  -1.325
  .398E+04   3.600     .1949     .177E-07  -7.751     .957E-07  -7.019     .356E-01  -1.449
  .473E+04   3.675     .1932     .104E-07  -7.983     .562E-07  -7.251     .267E-01  -1.573
  .562E+04   3.750     .1915     .610E-08  -8.214     .330E-07  -7.482     .201E-01  -1.697
  .668E+04   3.825     .1900     .358E-08  -8.446     .193E-07  -7.714     .151E-01  -1.821
  .794E+04   3.900     .1886     .210E-08  -8.677     .114E-07  -7.944     .114E-01  -1.944
  .944E+04   3.975     .1872     .124E-08  -8.908     .668E-08  -8.175     .857E-02  -2.067
  .112E+05   4.050     .1860     .727E-09  -9.139     .392E-08  -8.406     .645E-02  -2.191
  .133E+05   4.125     .1849     .424E-09  -9.373     .229E-08  -8.640     .482E-02  -2.317
  .158E+05   4.200     .1838     .249E-09  -9.604     .134E-08  -8.872     .362E-02  -2.441
  .188E+05   4.275     .1828     .146E-09  -9.836     .788E-09  -9.103     .272E-02  -2.565
  .224E+05   4.350     .1819     .856E-10 -10.067     .462E-09  -9.335     .205E-02  -2.689
  .266E+05   4.425     .1811     .502E-10 -10.299     .271E-09  -9.567     .154E-02  -2.813
  .316E+05   4.500     .1803     .295E-10 -10.530     .159E-09  -9.798     .116E-02  -2.937
  .376E+05   4.575     .1796     .173E-10 -10.762     .934E-10 -10.030     .870E-03  -3.061
  .447E+05   4.650     .1789     .101E-10 -10.994     .548E-10 -10.261     .654E-03  -3.185
  .531E+05   4.725     .1783     .595E-11 -11.225     .322E-10 -10.493     .491E-03  -3.309
  .631E+05   4.800     .1777     .349E-11 -11.457     .189E-10 -10.724     .369E-03  -3.433
  .750E+05   4.875     .1772     .205E-11 -11.688     .111E-10 -10.956     .278E-03  -3.556
  .891E+05   4.950     .1767     .120E-11 -11.920     .649E-11 -11.188     .209E-03  -3.680
  .106E+06   5.025     .1762     .705E-12 -12.152     .381E-11 -11.419     .157E-03  -3.804
  .126E+06   5.100     .1758     .414E-12 -12.383     .224E-11 -11.651     .118E-03  -3.928
  .150E+06   5.175     .1754     .243E-12 -12.615     .131E-11 -11.882     .887E-04  -4.052
  .178E+06   5.250     .1750     .142E-12 -12.846     .769E-12 -12.114     .666E-04  -4.176
  .211E+06   5.325     .1747     .836E-13 -13.078     .451E-12 -12.345     .501E-04  -4.300
  .251E+06   5.400     .1744     .490E-13 -13.309     .265E-12 -12.577     .377E-04  -4.424
  .298E+06   5.475     .1741     .288E-13 -13.541     .155E-12 -12.809     .283E-04  -4.548
  .355E+06   5.550     .1738     .169E-13 -13.773     .912E-13 -13.040     .213E-04  -4.672
  .422E+06   5.625     .1736     .990E-14 -14.004     .535E-13 -13.272     .160E-04  -4.796
  .501E+06   5.700     .1733     .581E-14 -14.236     .314E-13 -13.503     .120E-04  -4.920


  Pressure    Log P      WC       Rel K     Log RK      Abs K    Log KA     Diffus     Log D
  .000E+00            1.0000     .100E+01             .300E-02
  .141E+01    .150    1.0000     .200E-02  -2.700     .599E-05  -5.223     .627E+18  17.797
  .168E+01    .225    1.0000     .198E-02  -2.703     .594E-05  -5.226     .622E+18  17.794
  .200E+01    .300    1.0000     .197E-02  -2.706     .590E-05  -5.229     .617E+18  17.791
  .237E+01    .375    1.0000     .195E-02  -2.709     .586E-05  -5.232     .613E+18  17.787
  .282E+01    .450    1.0000     .194E-02  -2.713     .581E-05  -5.236     .608E+18  17.784
  .335E+01    .525    1.0000     .192E-02  -2.716     .577E-05  -5.239     .603E+18  17.781
  .398E+01    .600    1.0000     .191E-02  -2.719     .573E-05  -5.242     .599E+18  17.777
  .473E+01    .675    1.0000     .189E-02  -2.723     .568E-05  -5.245     .594E+18  17.774
  .562E+01    .750    1.0000     .188E-02  -2.726     .564E-05  -5.249     .590E+18  17.771
  .668E+01    .825    1.0000     .187E-02  -2.729     .560E-05  -5.252     .585E+18  17.767
  .794E+01    .900    1.0000     .185E-02  -2.732     .555E-05  -5.255     .580E+18  17.764
  .944E+01    .975    1.0000     .184E-02  -2.736     .551E-05  -5.259     .576E+18  17.760
  .112E+02   1.050    1.0000     .182E-02  -2.739     .547E-05  -5.262     .571E+18  17.757
  .133E+02   1.125    1.0000     .181E-02  -2.743     .543E-05  -5.265     .567E+18  17.753
  .158E+02   1.200    1.0000     .179E-02  -2.746     .538E-05  -5.269     .562E+18  17.750
  .188E+02   1.275    1.0000     .178E-02  -2.749     .534E-05  -5.272     .558E+18  17.746
  .224E+02   1.350    1.0000     .177E-02  -2.753     .530E-05  -5.276     .553E+18  17.743
  .266E+02   1.425    1.0000     .175E-02  -2.756     .526E-05  -5.279     .549E+18  17.739
  .316E+02   1.500    1.0000     .174E-02  -2.760     .522E-05  -5.282     .544E+18  17.736
  .376E+02   1.575    1.0000     .173E-02  -2.763     .518E-05  -5.286     .540E+18  17.732
  .447E+02   1.650    1.0000     .171E-02  -2.767     .514E-05  -5.289     .536E+18  17.729
  .531E+02   1.725    1.0000     .170E-02  -2.770     .509E-05  -5.293     .531E+18  17.725
  .631E+02   1.800    1.0000     .168E-02  -2.774     .505E-05  -5.296     .527E+18  17.722
  .750E+02   1.875    1.0000     .167E-02  -2.777     .501E-05  -5.300     .523E+18  17.718
  .891E+02   1.950    1.0000     .166E-02  -2.781     .497E-05  -5.303     .518E+18  17.715
  .106E+03   2.025    1.0000     .164E-02  -2.784     .493E-05  -5.307     .514E+18  17.711
  .126E+03   2.100    1.0000     .163E-02  -2.788     .489E-05  -5.311     .510E+18  17.707
  .150E+03   2.175    1.0000     .162E-02  -2.791     .485E-05  -5.314     .505E+18  17.704
  .178E+03   2.250    1.0000     .160E-02  -2.795     .481E-05  -5.318     .501E+18  17.700
  .211E+03   2.325    1.0000     .159E-02  -2.798     .477E-05  -5.321     .497E+18  17.696
  .251E+03   2.400    1.0000     .158E-02  -2.802     .473E-05  -5.325     .493E+18  17.693
  .299E+03   2.475    1.0000     .156E-02  -2.806     .469E-05  -5.329     .489E+18  17.689
  .355E+03   2.550    1.0000     .155E-02  -2.809     .465E-05  -5.332     .484E+18  17.685
  .422E+03   2.625    1.0000     .154E-02  -2.813     .461E-05  -5.336     .480E+18  17.681
  .501E+03   2.700    1.0000     .153E-02  -2.817     .458E-05  -5.340     .476E+18  17.678
  .596E+03   2.775    1.0000     .151E-02  -2.820     .454E-05  -5.343     .472E+18  17.674
  .708E+03   2.850    1.0000     .150E-02  -2.824     .450E-05  -5.347     .468E+18  17.670
  .841E+03   2.925    1.0000     .149E-02  -2.828     .446E-05  -5.351     .464E+18  17.666
  .100E+04   3.000    1.0000     .147E-02  -2.832     .442E-05  -5.354     .460E+18  17.663
  .119E+04   3.075    1.0000     .146E-02  -2.835     .438E-05  -5.358     .456E+18  17.659
  .141E+04   3.150    1.0000     .145E-02  -2.839     .435E-05  -5.362     .452E+18  17.655
  .168E+04   3.225    1.0000     .144E-02  -2.843     .431E-05  -5.366     .448E+18  17.651
  .200E+04   3.300    1.0000     .142E-02  -2.847     .427E-05  -5.370     .444E+18  17.647
  .237E+04   3.375    1.0000     .141E-02  -2.851     .423E-05  -5.373     .440E+18  17.643
  .282E+04   3.450    1.0000     .140E-02  -2.854     .419E-05  -5.377     .436E+18  17.639
  .335E+04   3.525    1.0000     .139E-02  -2.858     .416E-05  -5.381     .432E+18  17.635
  .398E+04   3.600    1.0000     .137E-02  -2.862     .412E-05  -5.385     .428E+18  17.631
  .473E+04   3.675    1.0000     .136E-02  -2.866     .408E-05  -5.389     .424E+18  17.627
  .562E+04   3.750    1.0000     .135E-02  -2.870     .405E-05  -5.393     .420E+18  17.623
  .668E+04   3.825    1.0000     .134E-02  -2.874     .401E-05  -5.397     .416E+18  17.619
  .794E+04   3.900    1.0000     .132E-02  -2.878     .397E-05  -5.401     .412E+18  17.615
  .944E+04   3.975    1.0000     .131E-02  -2.882     .394E-05  -5.405     .409E+18  17.611
  .112E+05   4.050    1.0000     .130E-02  -2.886     .390E-05  -5.409     .405E+18  17.607
  .133E+05   4.125    1.0000     .129E-02  -2.890     .387E-05  -5.413     .401E+18  17.603
  .158E+05   4.200    1.0000     .128E-02  -2.894     .383E-05  -5.417     .397E+18  17.599
  .188E+05   4.275    1.0000     .126E-02  -2.898     .379E-05  -5.421     .393E+18  17.595
  .224E+05   4.350    1.0000     .125E-02  -2.902     .376E-05  -5.425     .390E+18  17.591
  .266E+05   4.425    1.0000     .124E-02  -2.906     .372E-05  -5.429     .386E+18  17.586
  .316E+05   4.500    1.0000     .123E-02  -2.910     .369E-05  -5.433     .382E+18  17.582
  .376E+05   4.575    1.0000     .122E-02  -2.914     .365E-05  -5.437     .379E+18  17.578
  .447E+05   4.650    1.0000     .121E-02  -2.919     .362E-05  -5.441     .375E+18  17.574
  .531E+05   4.725    1.0000     .119E-02  -2.923     .358E-05  -5.446     .371E+18  17.570
  .631E+05   4.800    1.0000     .118E-02  -2.927     .355E-05  -5.450     .368E+18  17.565
  .750E+05   4.875    1.0000     .117E-02  -2.931     .351E-05  -5.454     .364E+18  17.561
  .891E+05   4.950    1.0000     .116E-02  -2.935     .348E-05  -5.458     .360E+18  17.557
  .106E+06   5.025    1.0000     .115E-02  -2.940     .345E-05  -5.463     .357E+18  17.552
  .126E+06   5.100    1.0000     .114E-02  -2.944     .341E-05  -5.467     .353E+18  17.548
  .150E+06   5.175    1.0000     .113E-02  -2.948     .338E-05  -5.471     .350E+18  17.544
  .178E+06   5.250    1.0000     .112E-02  -2.953     .335E-05  -5.476     .346E+18  17.539
  .211E+06   5.325    1.0000     .110E-02  -2.957     .331E-05  -5.480     .343E+18  17.535
  .251E+06   5.400    1.0000     .109E-02  -2.961     .328E-05  -5.484     .339E+18  17.530
  .298E+06   5.475    1.0000     .108E-02  -2.966     .325E-05  -5.489     .336E+18  17.526
  .355E+06   5.550    1.0000     .107E-02  -2.970     .321E-05  -5.493     .332E+18  17.521
  .422E+06   5.625    1.0000     .106E-02  -2.975     .318E-05  -5.498     .329E+18  17.517
  .501E+06   5.700    1.0000     .105E-02  -2.979     .315E-05  -5.502     .325E+18  17.512
 
 Real time [sec]       5.000000000000000
