 ******* Program HYDRUS
 ******* Test example for Onestep outflow method                                
  
 Date:   1.10.    Time:  14:11:25
 Units: L = cm   , T = hours, M = mmol 


 Time:      .000000

 Node    Depth      Head Moisture       K          C         Flux        Sink         Kappa   v/KsTop   Temp
         [L]       [L]     [-]        [L/T]      [1/L]      [L/T]        [1/T]         [-]      [-]      [C]

   1      .00      -2.00   .386      .248E+01    .112E-02    .189E-05    .000E+00      -1        .000     .00
   2     -.16      -1.84   .387      .256E+01    .108E-02    .462E-06    .000E+00      -1        .000     .00
   3     -.31      -1.69   .387      .265E+01    .104E-02   -.364E-05    .000E+00      -1        .000     .00
   4     -.47      -1.53   .387      .274E+01    .101E-02    .663E-06    .000E+00      -1        .000     .00
   5     -.61      -1.39   .387      .283E+01    .964E-03    .628E-05    .000E+00      -1        .000     .00
   6     -.76      -1.24   .387      .294E+01    .921E-03    .239E-05    .000E+00      -1        .000     .00
   7     -.90      -1.10   .387      .304E+01    .876E-03   -.591E-05    .000E+00      -1        .000     .00
   8    -1.04       -.96   .387      .316E+01    .827E-03   -.116E-05    .000E+00      -1        .000     .00
   9    -1.18       -.82   .388      .329E+01    .776E-03    .128E-05    .000E+00      -1        .000     .00
  10    -1.31       -.69   .388      .342E+01    .720E-03   -.540E-05    .000E+00      -1        .000     .00
  11    -1.44       -.56   .388      .358E+01    .659E-03   -.291E-05    .000E+00      -1        .000     .00
  12    -1.57       -.43   .388      .375E+01    .590E-03    .743E-05    .000E+00      -1        .000     .00
  13    -1.69       -.31   .388      .396E+01    .512E-03   -.291E-06    .000E+00      -1        .000     .00
  14    -1.81       -.19   .388      .421E+01    .414E-03   -.137E-04    .000E+00      -1        .000     .00
  15    -1.93       -.07   .388      .460E+01    .275E-03    .165E-04    .000E+00      -1        .000     .00
  16    -2.04        .04   .388      .540E+01    .000E+00    .476E-05    .000E+00      -1        .000     .00
  17    -2.15        .15   .388      .540E+01    .000E+00   -.528E-05    .000E+00      -1        .000     .00
  18    -2.26        .26   .388      .540E+01    .000E+00   -.763E-06    .000E+00      -1        .000     .00
  19    -2.36        .36   .388      .540E+01    .000E+00   -.118E-04    .000E+00      -1        .000     .00
  20    -2.46        .46   .388      .540E+01    .000E+00    .184E-13    .000E+00      -1        .000     .00
  21    -2.56        .56   .388      .540E+01    .000E+00    .101E-04    .000E+00      -1        .000     .00
  22    -2.65        .65   .388      .540E+01    .000E+00   -.302E-12    .000E+00      -1        .000     .00
  23    -2.74        .74   .388      .540E+01    .000E+00    .258E-12    .000E+00      -1        .000     .00
  24    -2.83        .83   .388      .540E+01    .000E+00    .243E-04    .000E+00      -1        .000     .00
  25    -2.92        .92   .388      .540E+01    .000E+00   -.213E-04    .000E+00      -1        .000     .00
  26    -3.00       1.00   .388      .540E+01    .000E+00   -.182E-04    .000E+00      -1        .000     .00
  27    -3.08       1.08   .388      .540E+01    .000E+00    .210E-04    .000E+00      -1        .000     .00
  28    -3.15       1.15   .388      .540E+01    .000E+00   -.439E-05    .000E+00      -1        .000     .00
  29    -3.22       1.22   .388      .540E+01    .000E+00   -.459E-05    .000E+00      -1        .000     .00
  30    -3.29       1.29   .388      .540E+01    .000E+00    .481E-05    .000E+00      -1        .000     .00
  31    -3.36       1.36   .388      .540E+01    .000E+00    .000E+00    .000E+00      -1        .000     .00
  32    -3.42       1.42   .388      .540E+01    .000E+00    .000E+00    .000E+00      -1        .000     .00
  33    -3.48       1.48   .388      .540E+01    .000E+00    .000E+00    .000E+00      -1        .000     .00
  34    -3.53       1.53   .388      .540E+01    .000E+00    .000E+00    .000E+00      -1        .000     .00
  35    -3.59       1.59   .388      .540E+01    .000E+00   -.633E-05    .000E+00      -1        .000     .00
  36    -3.63       1.63   .388      .540E+01    .000E+00   -.676E-05    .000E+00      -1        .000     .00
  37    -3.68       1.68   .388      .540E+01    .000E+00    .145E-04    .000E+00      -1        .000     .00
  38    -3.72       1.72   .388      .540E+01    .000E+00    .781E-05    .000E+00      -1        .000     .00
  39    -3.76       1.76   .388      .540E+01    .000E+00    .158E-15    .000E+00      -1        .000     .00
  40    -3.80       1.80   .388      .540E+01    .000E+00   -.406E-12    .000E+00      -1        .000     .00
  41    -3.83       1.83   .388      .540E+01    .000E+00   -.151E-13    .000E+00      -1        .000     .00
  42    -3.86       1.86   .388      .540E+01    .000E+00    .141E-12    .000E+00      -1        .000     .00
  43    -3.89       1.89   .388      .540E+01    .000E+00    .308E-12    .000E+00      -1        .000     .00
  44    -3.91       1.91   .388      .540E+01    .000E+00   -.147E-04    .000E+00      -1        .000     .00
  45    -3.93       1.93   .388      .540E+01    .000E+00   -.258E-04    .000E+00      -1        .000     .00
  46    -3.95       1.95  1.000      .300E-02    .000E+00    .201E-05    .000E+00      -1        .000     .00
  47    -4.09       2.09  1.000      .300E-02    .000E+00   -.251E-08    .000E+00      -1        .000     .00
  48    -4.24       2.23  1.000      .300E-02    .000E+00    .251E-08    .000E+00      -1        .000     .00
  49    -4.38       2.38  1.000      .300E-02    .000E+00   -.106E+02    .000E+00      -1      -1.954     .00
  50    -4.52   -1000.00  1.000      .300E-02    .000E+00   -.211E+02    .000E+00      -1      -3.908     .00
end


 Time:      .017000

 Node    Depth      Head Moisture       K          C         Flux        Sink         Kappa   v/KsTop   Temp
         [L]       [L]     [-]        [L/T]      [1/L]      [L/T]        [1/T]         [-]      [-]      [C]

   1      .00     -12.11   .370      .630E+00    .175E-02   -.665E-01    .000E+00      -1       -.012     .00
   2     -.16     -11.97   .371      .640E+00    .175E-02   -.132E+00    .000E+00      -1       -.024     .00
   3     -.31     -11.86   .371      .647E+00    .175E-02   -.262E+00    .000E+00      -1       -.049     .00
   4     -.47     -11.79   .371      .652E+00    .175E-02   -.391E+00    .000E+00      -1       -.072     .00
   5     -.61     -11.74   .371      .655E+00    .175E-02   -.518E+00    .000E+00      -1       -.096     .00
   6     -.76     -11.73   .371      .656E+00    .175E-02   -.643E+00    .000E+00      -1       -.119     .00
   7     -.90     -11.74   .371      .655E+00    .175E-02   -.767E+00    .000E+00      -1       -.142     .00
   8    -1.04     -11.77   .371      .652E+00    .175E-02   -.889E+00    .000E+00      -1       -.165     .00
   9    -1.18     -11.84   .371      .648E+00    .175E-02   -.101E+01    .000E+00      -1       -.187     .00
  10    -1.31     -11.93   .371      .643E+00    .175E-02   -.113E+01    .000E+00      -1       -.210     .00
  11    -1.44     -12.04   .370      .635E+00    .175E-02   -.125E+01    .000E+00      -1       -.232     .00
  12    -1.57     -12.17   .370      .626E+00    .175E-02   -.137E+01    .000E+00      -1       -.254     .00
  13    -1.69     -12.33   .370      .616E+00    .175E-02   -.149E+01    .000E+00      -1       -.276     .00
  14    -1.81     -12.52   .370      .604E+00    .175E-02   -.161E+01    .000E+00      -1       -.298     .00
  15    -1.93     -12.73   .369      .590E+00    .175E-02   -.173E+01    .000E+00      -1       -.320     .00
  16    -2.04     -12.96   .369      .574E+00    .175E-02   -.184E+01    .000E+00      -1       -.342     .00
  17    -2.15     -13.22   .368      .559E+00    .175E-02   -.196E+01    .000E+00      -1       -.364     .00
  18    -2.26     -13.51   .368      .544E+00    .174E-02   -.208E+01    .000E+00      -1       -.385     .00
  19    -2.36     -13.82   .367      .529E+00    .174E-02   -.220E+01    .000E+00      -1       -.407     .00
  20    -2.46     -14.16   .367      .511E+00    .173E-02   -.232E+01    .000E+00      -1       -.429     .00
  21    -2.56     -14.52   .366      .493E+00    .173E-02   -.244E+01    .000E+00      -1       -.451     .00
  22    -2.65     -14.91   .365      .473E+00    .172E-02   -.256E+01    .000E+00      -1       -.473     .00
  23    -2.74     -15.34   .365      .453E+00    .172E-02   -.267E+01    .000E+00      -1       -.495     .00
  24    -2.83     -15.79   .364      .436E+00    .171E-02   -.279E+01    .000E+00      -1       -.517     .00
  25    -2.92     -16.27   .363      .417E+00    .170E-02   -.291E+01    .000E+00      -1       -.539     .00
  26    -3.00     -16.78   .362      .397E+00    .169E-02   -.303E+01    .000E+00      -1       -.561     .00
  27    -3.08     -17.33   .361      .375E+00    .168E-02   -.315E+01    .000E+00      -1       -.584     .00
  28    -3.15     -17.91   .360      .357E+00    .167E-02   -.327E+01    .000E+00      -1       -.606     .00
  29    -3.22     -18.53   .359      .339E+00    .165E-02   -.339E+01    .000E+00      -1       -.628     .00
  30    -3.29     -19.18   .358      .320E+00    .164E-02   -.351E+01    .000E+00      -1       -.650     .00
  31    -3.36     -19.86   .357      .300E+00    .162E-02   -.363E+01    .000E+00      -1       -.672     .00
  32    -3.42     -20.59   .356      .283E+00    .160E-02   -.375E+01    .000E+00      -1       -.694     .00
  33    -3.48     -21.34   .355      .267E+00    .158E-02   -.386E+01    .000E+00      -1       -.716     .00
  34    -3.53     -22.13   .354      .250E+00    .156E-02   -.398E+01    .000E+00      -1       -.737     .00
  35    -3.59     -22.96   .352      .232E+00    .154E-02   -.410E+01    .000E+00      -1       -.759     .00
  36    -3.63     -23.82   .351      .217E+00    .152E-02   -.421E+01    .000E+00      -1       -.780     .00
  37    -3.68     -24.71   .350      .204E+00    .149E-02   -.432E+01    .000E+00      -1       -.800     .00
  38    -3.72     -25.61   .348      .190E+00    .147E-02   -.443E+01    .000E+00      -1       -.820     .00
  39    -3.76     -26.54   .347      .176E+00    .144E-02   -.453E+01    .000E+00      -1       -.840     .00
  40    -3.80     -27.49   .346      .165E+00    .142E-02   -.464E+01    .000E+00      -1       -.859     .00
  41    -3.83     -28.42   .344      .155E+00    .139E-02   -.473E+01    .000E+00      -1       -.876     .00
  42    -3.86     -29.35   .343      .146E+00    .137E-02   -.482E+01    .000E+00      -1       -.893     .00
  43    -3.89     -30.25   .342      .136E+00    .135E-02   -.491E+01    .000E+00      -1       -.909     .00
  44    -3.91     -31.11   .341      .128E+00    .132E-02   -.499E+01    .000E+00      -1       -.923     .00
  45    -3.93     -31.90   .340      .122E+00    .130E-02   -.506E+01    .000E+00      -1       -.936     .00
  46    -3.95     -33.28  1.000      .300E-02    .000E+00   -.509E+01    .000E+00      -1       -.943     .00
  47    -4.09    -274.96  1.000      .300E-02    .000E+00   -.509E+01    .000E+00      -1       -.943     .00
  48    -4.24    -516.64  1.000      .300E-02    .000E+00   -.509E+01    .000E+00      -1       -.943     .00
  49    -4.38    -758.32  1.000      .300E-02    .000E+00   -.509E+01    .000E+00      -1       -.943     .00
  50    -4.52   -1000.00  1.000      .300E-02    .000E+00   -.509E+01    .000E+00      -1       -.943     .00
end


 Time:      .033000

 Node    Depth      Head Moisture       K          C         Flux        Sink         Kappa   v/KsTop   Temp
         [L]       [L]     [-]        [L/T]      [1/L]      [L/T]        [1/T]         [-]      [-]      [C]

   1      .00     -19.03   .358      .325E+00    .164E-02   -.532E-01    .000E+00      -1       -.010     .00
   2     -.16     -18.90   .359      .329E+00    .164E-02   -.105E+00    .000E+00      -1       -.020     .00
   3     -.31     -18.82   .359      .331E+00    .165E-02   -.210E+00    .000E+00      -1       -.039     .00
   4     -.47     -18.78   .359      .332E+00    .165E-02   -.313E+00    .000E+00      -1       -.058     .00
   5     -.61     -18.80   .359      .332E+00    .165E-02   -.414E+00    .000E+00      -1       -.077     .00
   6     -.76     -18.86   .359      .330E+00    .164E-02   -.514E+00    .000E+00      -1       -.095     .00
   7     -.90     -18.96   .359      .327E+00    .164E-02   -.613E+00    .000E+00      -1       -.113     .00
   8    -1.04     -19.10   .358      .323E+00    .164E-02   -.710E+00    .000E+00      -1       -.132     .00
   9    -1.18     -19.29   .358      .317E+00    .163E-02   -.807E+00    .000E+00      -1       -.149     .00
  10    -1.31     -19.52   .358      .311E+00    .163E-02   -.903E+00    .000E+00      -1       -.167     .00
  11    -1.44     -19.79   .357      .303E+00    .162E-02   -.999E+00    .000E+00      -1       -.185     .00
  12    -1.57     -20.11   .357      .294E+00    .162E-02   -.109E+01    .000E+00      -1       -.203     .00
  13    -1.69     -20.47   .356      .285E+00    .161E-02   -.119E+01    .000E+00      -1       -.220     .00
  14    -1.81     -20.88   .356      .277E+00    .160E-02   -.128E+01    .000E+00      -1       -.237     .00
  15    -1.93     -21.33   .355      .267E+00    .158E-02   -.137E+01    .000E+00      -1       -.254     .00
  16    -2.04     -21.83   .354      .257E+00    .157E-02   -.146E+01    .000E+00      -1       -.271     .00
  17    -2.15     -22.39   .353      .245E+00    .156E-02   -.156E+01    .000E+00      -1       -.288     .00
  18    -2.26     -23.00   .352      .232E+00    .154E-02   -.165E+01    .000E+00      -1       -.305     .00
  19    -2.36     -23.68   .351      .220E+00    .152E-02   -.174E+01    .000E+00      -1       -.322     .00
  20    -2.46     -24.41   .350      .209E+00    .150E-02   -.183E+01    .000E+00      -1       -.339     .00
  21    -2.56     -25.22   .349      .197E+00    .148E-02   -.192E+01    .000E+00      -1       -.355     .00
  22    -2.65     -26.09   .348      .183E+00    .146E-02   -.201E+01    .000E+00      -1       -.371     .00
  23    -2.74     -27.06   .346      .170E+00    .143E-02   -.209E+01    .000E+00      -1       -.388     .00
  24    -2.83     -28.12   .345      .159E+00    .140E-02   -.218E+01    .000E+00      -1       -.404     .00
  25    -2.92     -29.27   .343      .146E+00    .137E-02   -.227E+01    .000E+00      -1       -.420     .00
  26    -3.00     -30.53   .341      .133E+00    .134E-02   -.236E+01    .000E+00      -1       -.436     .00
  27    -3.08     -31.93   .340      .122E+00    .130E-02   -.244E+01    .000E+00      -1       -.452     .00
  28    -3.15     -33.46   .338      .111E+00    .126E-02   -.253E+01    .000E+00      -1       -.468     .00
  29    -3.22     -35.14   .335      .986E-01    .122E-02   -.261E+01    .000E+00      -1       -.484     .00
  30    -3.29     -37.02   .333      .881E-01    .118E-02   -.270E+01    .000E+00      -1       -.499     .00
  31    -3.36     -39.11   .331      .783E-01    .113E-02   -.278E+01    .000E+00      -1       -.515     .00
  32    -3.42     -41.45   .328      .674E-01    .108E-02   -.286E+01    .000E+00      -1       -.530     .00
  33    -3.48     -44.10   .325      .592E-01    .103E-02   -.295E+01    .000E+00      -1       -.546     .00
  34    -3.53     -47.08   .322      .501E-01    .976E-03   -.303E+01    .000E+00      -1       -.561     .00
  35    -3.59     -50.50   .319      .426E-01    .919E-03   -.311E+01    .000E+00      -1       -.576     .00
  36    -3.63     -54.45   .316      .349E-01    .856E-03   -.319E+01    .000E+00      -1       -.591     .00
  37    -3.68     -59.07   .312      .288E-01    .793E-03   -.327E+01    .000E+00      -1       -.605     .00
  38    -3.72     -64.54   .308      .226E-01    .724E-03   -.335E+01    .000E+00      -1       -.620     .00
  39    -3.76     -71.18   .303      .176E-01    .655E-03   -.343E+01    .000E+00      -1       -.635     .00
  40    -3.80     -79.32   .298      .133E-01    .583E-03   -.351E+01    .000E+00      -1       -.649     .00
  41    -3.83     -89.63   .293      .947E-02    .508E-03   -.358E+01    .000E+00      -1       -.664     .00
  42    -3.86    -103.32   .286      .637E-02    .430E-03   -.366E+01    .000E+00      -1       -.678     .00
  43    -3.89    -122.52   .279      .394E-02    .349E-03   -.374E+01    .000E+00      -1       -.694     .00
  44    -3.91    -152.30   .270      .205E-02    .264E-03   -.383E+01    .000E+00      -1       -.710     .00
  45    -3.93    -207.00   .258      .835E-03    .176E-03   -.393E+01    .000E+00      -1       -.728     .00
  46    -3.95    -242.59  1.000      .300E-02    .000E+00   -.399E+01    .000E+00      -1       -.739     .00
  47    -4.09    -431.95  1.000      .300E-02    .000E+00   -.399E+01    .000E+00      -1       -.739     .00
  48    -4.24    -621.30  1.000      .300E-02    .000E+00   -.399E+01    .000E+00      -1       -.739     .00
  49    -4.38    -810.65  1.000      .300E-02    .000E+00   -.399E+01    .000E+00      -1       -.739     .00
  50    -4.52   -1000.00  1.000      .300E-02    .000E+00   -.399E+01    .000E+00      -1       -.739     .00
end


 Time:      .050000

 Node    Depth      Head Moisture       K          C         Flux        Sink         Kappa   v/KsTop   Temp
         [L]       [L]     [-]        [L/T]      [1/L]      [L/T]        [1/T]         [-]      [-]      [C]

   1      .00     -25.39   .349      .194E+00    .147E-02   -.401E-01    .000E+00      -1       -.007     .00
   2     -.16     -25.26   .349      .196E+00    .148E-02   -.795E-01    .000E+00      -1       -.015     .00
   3     -.31     -25.20   .349      .197E+00    .148E-02   -.158E+00    .000E+00      -1       -.029     .00
   4     -.47     -25.20   .349      .197E+00    .148E-02   -.236E+00    .000E+00      -1       -.044     .00
   5     -.61     -25.26   .349      .196E+00    .148E-02   -.312E+00    .000E+00      -1       -.058     .00
   6     -.76     -25.37   .349      .194E+00    .148E-02   -.386E+00    .000E+00      -1       -.072     .00
   7     -.90     -25.54   .348      .192E+00    .147E-02   -.460E+00    .000E+00      -1       -.085     .00
   8    -1.04     -25.77   .348      .188E+00    .146E-02   -.533E+00    .000E+00      -1       -.099     .00
   9    -1.18     -26.05   .348      .184E+00    .146E-02   -.605E+00    .000E+00      -1       -.112     .00
  10    -1.31     -26.39   .347      .179E+00    .145E-02   -.676E+00    .000E+00      -1       -.125     .00
  11    -1.44     -26.78   .347      .173E+00    .144E-02   -.748E+00    .000E+00      -1       -.138     .00
  12    -1.57     -27.24   .346      .168E+00    .143E-02   -.816E+00    .000E+00      -1       -.151     .00
  13    -1.69     -27.75   .345      .162E+00    .141E-02   -.881E+00    .000E+00      -1       -.163     .00
  14    -1.81     -28.31   .344      .157E+00    .140E-02   -.946E+00    .000E+00      -1       -.175     .00
  15    -1.93     -28.94   .344      .150E+00    .138E-02   -.101E+01    .000E+00      -1       -.187     .00
  16    -2.04     -29.64   .343      .143E+00    .136E-02   -.107E+01    .000E+00      -1       -.199     .00
  17    -2.15     -30.40   .342      .135E+00    .134E-02   -.113E+01    .000E+00      -1       -.210     .00
  18    -2.26     -31.25   .340      .126E+00    .132E-02   -.120E+01    .000E+00      -1       -.221     .00
  19    -2.36     -32.18   .339      .120E+00    .130E-02   -.125E+01    .000E+00      -1       -.232     .00
  20    -2.46     -33.19   .338      .113E+00    .127E-02   -.131E+01    .000E+00      -1       -.243     .00
  21    -2.56     -34.30   .337      .105E+00    .124E-02   -.137E+01    .000E+00      -1       -.253     .00
  22    -2.65     -35.51   .335      .960E-01    .121E-02   -.142E+01    .000E+00      -1       -.263     .00
  23    -2.74     -36.85   .333      .890E-01    .118E-02   -.148E+01    .000E+00      -1       -.273     .00
  24    -2.83     -38.30   .332      .821E-01    .115E-02   -.153E+01    .000E+00      -1       -.283     .00
  25    -2.92     -39.89   .330      .746E-01    .112E-02   -.158E+01    .000E+00      -1       -.292     .00
  26    -3.00     -41.65   .328      .668E-01    .108E-02   -.162E+01    .000E+00      -1       -.301     .00
  27    -3.08     -43.60   .326      .608E-01    .104E-02   -.167E+01    .000E+00      -1       -.309     .00
  28    -3.15     -45.73   .324      .543E-01    .100E-02   -.172E+01    .000E+00      -1       -.318     .00
  29    -3.22     -48.11   .321      .473E-01    .957E-03   -.176E+01    .000E+00      -1       -.326     .00
  30    -3.29     -50.77   .319      .422E-01    .915E-03   -.180E+01    .000E+00      -1       -.333     .00
  31    -3.36     -53.73   .316      .364E-01    .867E-03   -.184E+01    .000E+00      -1       -.341     .00
  32    -3.42     -57.08   .314      .313E-01    .820E-03   -.188E+01    .000E+00      -1       -.348     .00
  33    -3.48     -60.88   .311      .266E-01    .770E-03   -.191E+01    .000E+00      -1       -.354     .00
  34    -3.53     -65.23   .307      .221E-01    .717E-03   -.195E+01    .000E+00      -1       -.360     .00
  35    -3.59     -70.28   .304      .183E-01    .664E-03   -.198E+01    .000E+00      -1       -.366     .00
  36    -3.63     -76.18   .300      .147E-01    .609E-03   -.200E+01    .000E+00      -1       -.371     .00
  37    -3.68     -83.24   .296      .115E-01    .551E-03   -.203E+01    .000E+00      -1       -.376     .00
  38    -3.72     -91.80   .292      .887E-02    .494E-03   -.206E+01    .000E+00      -1       -.381     .00
  39    -3.76    -102.43   .287      .650E-02    .434E-03   -.208E+01    .000E+00      -1       -.385     .00
  40    -3.80    -116.21   .281      .452E-02    .372E-03   -.210E+01    .000E+00      -1       -.389     .00
  41    -3.83    -134.94   .275      .295E-02    .308E-03   -.212E+01    .000E+00      -1       -.392     .00
  42    -3.86    -162.08   .268      .174E-02    .244E-03   -.213E+01    .000E+00      -1       -.395     .00
  43    -3.89    -206.37   .258      .842E-03    .177E-03   -.215E+01    .000E+00      -1       -.397     .00
  44    -3.91    -296.04   .246      .288E-03    .109E-03   -.216E+01    .000E+00      -1       -.399     .00
  45    -3.93    -564.23   .228      .399E-04    .440E-04   -.216E+01    .000E+00      -1       -.401     .00
  46    -3.95    -588.63  1.000      .300E-02    .000E+00   -.217E+01    .000E+00      -1       -.401     .00
  47    -4.09    -691.47  1.000      .300E-02    .000E+00   -.217E+01    .000E+00      -1       -.401     .00
  48    -4.24    -794.32  1.000      .300E-02    .000E+00   -.217E+01    .000E+00      -1       -.401     .00
  49    -4.38    -897.16  1.000      .300E-02    .000E+00   -.217E+01    .000E+00      -1       -.401     .00
  50    -4.52   -1000.00  1.000      .300E-02    .000E+00   -.217E+01    .000E+00      -1       -.401     .00
end


 Time:      .167000

 Node    Depth      Head Moisture       K          C         Flux        Sink         Kappa   v/KsTop   Temp
         [L]       [L]     [-]        [L/T]      [1/L]      [L/T]        [1/T]         [-]      [-]      [C]

   1      .00     -52.90   .317      .380E-01    .881E-03   -.128E-01    .000E+00      -1       -.002     .00
   2     -.16     -52.80   .317      .382E-01    .882E-03   -.254E-01    .000E+00      -1       -.005     .00
   3     -.31     -52.80   .317      .382E-01    .882E-03   -.505E-01    .000E+00      -1       -.009     .00
   4     -.47     -52.90   .317      .380E-01    .881E-03   -.752E-01    .000E+00      -1       -.014     .00
   5     -.61     -53.09   .317      .376E-01    .878E-03   -.995E-01    .000E+00      -1       -.018     .00
   6     -.76     -53.38   .317      .370E-01    .873E-03   -.123E+00    .000E+00      -1       -.023     .00
   7     -.90     -53.76   .316      .363E-01    .867E-03   -.147E+00    .000E+00      -1       -.027     .00
   8    -1.04     -54.24   .316      .354E-01    .859E-03   -.170E+00    .000E+00      -1       -.032     .00
   9    -1.18     -54.82   .315      .342E-01    .850E-03   -.193E+00    .000E+00      -1       -.036     .00
  10    -1.31     -55.49   .315      .332E-01    .840E-03   -.216E+00    .000E+00      -1       -.040     .00
  11    -1.44     -56.26   .314      .323E-01    .830E-03   -.238E+00    .000E+00      -1       -.044     .00
  12    -1.57     -57.12   .314      .312E-01    .819E-03   -.258E+00    .000E+00      -1       -.048     .00
  13    -1.69     -58.08   .313      .300E-01    .807E-03   -.278E+00    .000E+00      -1       -.051     .00
  14    -1.81     -59.13   .312      .288E-01    .793E-03   -.297E+00    .000E+00      -1       -.055     .00
  15    -1.93     -60.29   .311      .273E-01    .778E-03   -.316E+00    .000E+00      -1       -.059     .00
  16    -2.04     -61.57   .310      .258E-01    .761E-03   -.335E+00    .000E+00      -1       -.062     .00
  17    -2.15     -62.98   .309      .241E-01    .742E-03   -.353E+00    .000E+00      -1       -.065     .00
  18    -2.26     -64.54   .308      .226E-01    .724E-03   -.371E+00    .000E+00      -1       -.069     .00
  19    -2.36     -66.23   .307      .213E-01    .707E-03   -.388E+00    .000E+00      -1       -.072     .00
  20    -2.46     -68.06   .305      .200E-01    .688E-03   -.403E+00    .000E+00      -1       -.075     .00
  21    -2.56     -70.05   .304      .185E-01    .667E-03   -.419E+00    .000E+00      -1       -.078     .00
  22    -2.65     -72.23   .303      .168E-01    .644E-03   -.434E+00    .000E+00      -1       -.080     .00
  23    -2.74     -74.64   .301      .154E-01    .621E-03   -.449E+00    .000E+00      -1       -.083     .00
  24    -2.83     -77.26   .299      .142E-01    .600E-03   -.463E+00    .000E+00      -1       -.086     .00
  25    -2.92     -80.10   .298      .129E-01    .577E-03   -.476E+00    .000E+00      -1       -.088     .00
  26    -3.00     -83.24   .296      .115E-01    .551E-03   -.488E+00    .000E+00      -1       -.090     .00
  27    -3.08     -86.72   .294      .102E-01    .526E-03   -.501E+00    .000E+00      -1       -.093     .00
  28    -3.15     -90.55   .292      .921E-02    .502E-03   -.512E+00    .000E+00      -1       -.095     .00
  29    -3.22     -94.77   .290      .807E-02    .475E-03   -.522E+00    .000E+00      -1       -.097     .00
  30    -3.29     -99.51   .288      .697E-02    .448E-03   -.533E+00    .000E+00      -1       -.099     .00
  31    -3.36    -104.81   .286      .612E-02    .422E-03   -.542E+00    .000E+00      -1       -.100     .00
  32    -3.42    -110.76   .283      .517E-02    .394E-03   -.551E+00    .000E+00      -1       -.102     .00
  33    -3.48    -117.54   .281      .439E-02    .367E-03   -.560E+00    .000E+00      -1       -.104     .00
  34    -3.53    -125.27   .278      .367E-02    .339E-03   -.567E+00    .000E+00      -1       -.105     .00
  35    -3.59    -134.22   .275      .298E-02    .310E-03   -.574E+00    .000E+00      -1       -.106     .00
  36    -3.63    -144.70   .272      .242E-02    .282E-03   -.581E+00    .000E+00      -1       -.108     .00
  37    -3.68    -157.13   .269      .189E-02    .254E-03   -.587E+00    .000E+00      -1       -.109     .00
  38    -3.72    -172.29   .265      .142E-02    .224E-03   -.592E+00    .000E+00      -1       -.110     .00
  39    -3.76    -191.17   .261      .107E-02    .196E-03   -.597E+00    .000E+00      -1       -.110     .00
  40    -3.80    -215.11   .257      .751E-03    .168E-03   -.601E+00    .000E+00      -1       -.111     .00
  41    -3.83    -247.16   .252      .495E-03    .139E-03   -.604E+00    .000E+00      -1       -.112     .00
  42    -3.86    -292.97   .246      .297E-03    .110E-03   -.607E+00    .000E+00      -1       -.112     .00
  43    -3.89    -365.94   .240      .149E-03    .806E-04   -.609E+00    .000E+00      -1       -.113     .00
  44    -3.91    -505.56   .231      .565E-04    .515E-04   -.611E+00    .000E+00      -1       -.113     .00
  45    -3.93    -877.37   .218      .104E-04    .236E-04   -.612E+00    .000E+00      -1       -.113     .00
  46    -3.95    -884.32  1.000      .300E-02    .000E+00   -.612E+00    .000E+00      -1       -.113     .00
  47    -4.09    -913.24  1.000      .300E-02    .000E+00   -.612E+00    .000E+00      -1       -.113     .00
  48    -4.24    -942.16  1.000      .300E-02    .000E+00   -.612E+00    .000E+00      -1       -.113     .00
  49    -4.38    -971.08  1.000      .300E-02    .000E+00   -.612E+00    .000E+00      -1       -.113     .00
  50    -4.52   -1000.00  1.000      .300E-02    .000E+00   -.612E+00    .000E+00      -1       -.113     .00
end


 Time:      .500000

 Node    Depth      Head Moisture       K          C         Flux        Sink         Kappa   v/KsTop   Temp
         [L]       [L]     [-]        [L/T]      [1/L]      [L/T]        [1/T]         [-]      [-]      [C]

   1      .00     -97.89   .289      .723E-02    .455E-03   -.425E-02    .000E+00      -1       -.001     .00
   2     -.16     -97.82   .289      .725E-02    .456E-03   -.843E-02    .000E+00      -1       -.002     .00
   3     -.31     -97.94   .289      .722E-02    .455E-03   -.168E-01    .000E+00      -1       -.003     .00
   4     -.47     -98.23   .288      .717E-02    .454E-03   -.250E-01    .000E+00      -1       -.005     .00
   5     -.61     -98.69   .288      .710E-02    .452E-03   -.330E-01    .000E+00      -1       -.006     .00
   6     -.76     -99.31   .288      .700E-02    .449E-03   -.406E-01    .000E+00      -1       -.008     .00
   7     -.90    -100.07   .288      .688E-02    .445E-03   -.479E-01    .000E+00      -1       -.009     .00
   8    -1.04    -100.99   .287      .673E-02    .441E-03   -.548E-01    .000E+00      -1       -.010     .00
   9    -1.18    -102.04   .287      .656E-02    .436E-03   -.615E-01    .000E+00      -1       -.011     .00
  10    -1.31    -103.24   .286      .637E-02    .430E-03   -.681E-01    .000E+00      -1       -.013     .00
  11    -1.44    -104.58   .286      .616E-02    .423E-03   -.745E-01    .000E+00      -1       -.014     .00
  12    -1.57    -106.08   .285      .592E-02    .416E-03   -.809E-01    .000E+00      -1       -.015     .00
  13    -1.69    -107.75   .284      .565E-02    .408E-03   -.871E-01    .000E+00      -1       -.016     .00
  14    -1.81    -109.59   .284      .536E-02    .399E-03   -.932E-01    .000E+00      -1       -.017     .00
  15    -1.93    -111.64   .283      .503E-02    .390E-03   -.994E-01    .000E+00      -1       -.018     .00
  16    -2.04    -113.91   .282      .473E-02    .380E-03   -.105E+00    .000E+00      -1       -.020     .00
  17    -2.15    -116.39   .281      .450E-02    .371E-03   -.111E+00    .000E+00      -1       -.021     .00
  18    -2.26    -119.05   .280      .425E-02    .361E-03   -.116E+00    .000E+00      -1       -.021     .00
  19    -2.36    -121.94   .279      .398E-02    .351E-03   -.121E+00    .000E+00      -1       -.022     .00
  20    -2.46    -125.07   .278      .369E-02    .340E-03   -.126E+00    .000E+00      -1       -.023     .00
  21    -2.56    -128.51   .277      .337E-02    .327E-03   -.131E+00    .000E+00      -1       -.024     .00
  22    -2.65    -132.30   .276      .309E-02    .315E-03   -.135E+00    .000E+00      -1       -.025     .00
  23    -2.74    -136.41   .274      .286E-02    .304E-03   -.139E+00    .000E+00      -1       -.026     .00
  24    -2.83    -140.85   .273      .263E-02    .293E-03   -.143E+00    .000E+00      -1       -.027     .00
  25    -2.92    -145.69   .272      .236E-02    .280E-03   -.147E+00    .000E+00      -1       -.027     .00
  26    -3.00    -151.08   .270      .208E-02    .266E-03   -.151E+00    .000E+00      -1       -.028     .00
  27    -3.08    -157.01   .269      .190E-02    .254E-03   -.155E+00    .000E+00      -1       -.029     .00
  28    -3.15    -163.45   .267      .170E-02    .242E-03   -.158E+00    .000E+00      -1       -.029     .00
  29    -3.22    -170.58   .265      .148E-02    .228E-03   -.161E+00    .000E+00      -1       -.030     .00
  30    -3.29    -178.57   .264      .129E-02    .214E-03   -.164E+00    .000E+00      -1       -.030     .00
  31    -3.36    -187.41   .262      .113E-02    .202E-03   -.167E+00    .000E+00      -1       -.031     .00
  32    -3.42    -197.32   .260      .959E-03    .188E-03   -.169E+00    .000E+00      -1       -.031     .00
  33    -3.48    -208.57   .258      .819E-03    .175E-03   -.172E+00    .000E+00      -1       -.032     .00
  34    -3.53    -221.26   .256      .691E-03    .161E-03   -.174E+00    .000E+00      -1       -.032     .00
  35    -3.59    -235.87   .254      .561E-03    .147E-03   -.176E+00    .000E+00      -1       -.033     .00
  36    -3.63    -252.81   .251      .464E-03    .135E-03   -.178E+00    .000E+00      -1       -.033     .00
  37    -3.68    -272.64   .249      .363E-03    .121E-03   -.179E+00    .000E+00      -1       -.033     .00
  38    -3.72    -296.35   .246      .286E-03    .108E-03   -.181E+00    .000E+00      -1       -.033     .00
  39    -3.76    -324.89   .243      .216E-03    .954E-04   -.182E+00    .000E+00      -1       -.034     .00
  40    -3.80    -360.62   .240      .155E-03    .821E-04   -.183E+00    .000E+00      -1       -.034     .00
  41    -3.83    -407.00   .236      .107E-03    .693E-04   -.184E+00    .000E+00      -1       -.034     .00
  42    -3.86    -469.35   .233      .696E-04    .568E-04   -.184E+00    .000E+00      -1       -.034     .00
  43    -3.89    -558.74   .228      .410E-04    .445E-04   -.185E+00    .000E+00      -1       -.034     .00
  44    -3.91    -699.60   .223      .209E-04    .325E-04   -.185E+00    .000E+00      -1       -.034     .00
  45    -3.93    -963.23   .216      .768E-05    .205E-04   -.185E+00    .000E+00      -1       -.034     .00
  46    -3.95    -965.32  1.000      .300E-02    .000E+00   -.186E+00    .000E+00      -1       -.034     .00
  47    -4.09    -973.99  1.000      .300E-02    .000E+00   -.186E+00    .000E+00      -1       -.034     .00
  48    -4.24    -982.66  1.000      .300E-02    .000E+00   -.186E+00    .000E+00      -1       -.034     .00
  49    -4.38    -991.33  1.000      .300E-02    .000E+00   -.186E+00    .000E+00      -1       -.034     .00
  50    -4.52   -1000.00  1.000      .300E-02    .000E+00   -.186E+00    .000E+00      -1       -.034     .00
end


 Time:     1.033000

 Node    Depth      Head Moisture       K          C         Flux        Sink         Kappa   v/KsTop   Temp
         [L]       [L]     [-]        [L/T]      [1/L]      [L/T]        [1/T]         [-]      [-]      [C]

   1      .00    -146.39   .272      .233E-02    .278E-03   -.183E-02    .000E+00      -1        .000     .00
   2     -.16    -146.36   .272      .234E-02    .278E-03   -.363E-02    .000E+00      -1       -.001     .00
   3     -.31    -146.57   .271      .232E-02    .278E-03   -.723E-02    .000E+00      -1       -.001     .00
   4     -.47    -147.01   .271      .230E-02    .277E-03   -.108E-01    .000E+00      -1       -.002     .00
   5     -.61    -147.68   .271      .226E-02    .275E-03   -.142E-01    .000E+00      -1       -.003     .00
   6     -.76    -148.57   .271      .222E-02    .272E-03   -.177E-01    .000E+00      -1       -.003     .00
   7     -.90    -149.69   .271      .215E-02    .269E-03   -.210E-01    .000E+00      -1       -.004     .00
   8    -1.04    -151.04   .270      .209E-02    .266E-03   -.243E-01    .000E+00      -1       -.005     .00
   9    -1.18    -152.62   .270      .204E-02    .263E-03   -.276E-01    .000E+00      -1       -.005     .00
  10    -1.31    -154.41   .269      .198E-02    .259E-03   -.307E-01    .000E+00      -1       -.006     .00
  11    -1.44    -156.42   .269      .192E-02    .256E-03   -.337E-01    .000E+00      -1       -.006     .00
  12    -1.57    -158.65   .268      .185E-02    .251E-03   -.366E-01    .000E+00      -1       -.007     .00
  13    -1.69    -161.11   .268      .178E-02    .246E-03   -.393E-01    .000E+00      -1       -.007     .00
  14    -1.81    -163.80   .267      .169E-02    .241E-03   -.419E-01    .000E+00      -1       -.008     .00
  15    -1.93    -166.74   .266      .160E-02    .235E-03   -.445E-01    .000E+00      -1       -.008     .00
  16    -2.04    -169.97   .266      .150E-02    .229E-03   -.470E-01    .000E+00      -1       -.009     .00
  17    -2.15    -173.54   .265      .139E-02    .222E-03   -.495E-01    .000E+00      -1       -.009     .00
  18    -2.26    -177.45   .264      .131E-02    .216E-03   -.519E-01    .000E+00      -1       -.010     .00
  19    -2.36    -181.66   .263      .124E-02    .210E-03   -.542E-01    .000E+00      -1       -.010     .00
  20    -2.46    -186.21   .262      .116E-02    .204E-03   -.563E-01    .000E+00      -1       -.010     .00
  21    -2.56    -191.11   .261      .107E-02    .197E-03   -.584E-01    .000E+00      -1       -.011     .00
  22    -2.65    -196.47   .260      .978E-03    .189E-03   -.603E-01    .000E+00      -1       -.011     .00
  23    -2.74    -202.38   .259      .884E-03    .181E-03   -.623E-01    .000E+00      -1       -.012     .00
  24    -2.83    -208.82   .258      .819E-03    .175E-03   -.642E-01    .000E+00      -1       -.012     .00
  25    -2.92    -215.75   .257      .749E-03    .167E-03   -.658E-01    .000E+00      -1       -.012     .00
  26    -3.00    -223.29   .256      .674E-03    .160E-03   -.674E-01    .000E+00      -1       -.012     .00
  27    -3.08    -231.65   .254      .589E-03    .151E-03   -.690E-01    .000E+00      -1       -.013     .00
  28    -3.15    -240.88   .253      .535E-03    .144E-03   -.705E-01    .000E+00      -1       -.013     .00
  29    -3.22    -250.90   .251      .478E-03    .137E-03   -.718E-01    .000E+00      -1       -.013     .00
  30    -3.29    -261.97   .250      .415E-03    .128E-03   -.731E-01    .000E+00      -1       -.014     .00
  31    -3.36    -274.35   .248      .359E-03    .120E-03   -.743E-01    .000E+00      -1       -.014     .00
  32    -3.42    -288.07   .247      .315E-03    .113E-03   -.754E-01    .000E+00      -1       -.014     .00
  33    -3.48    -303.39   .245      .266E-03    .105E-03   -.764E-01    .000E+00      -1       -.014     .00
  34    -3.53    -320.74   .243      .226E-03    .973E-04   -.773E-01    .000E+00      -1       -.014     .00
  35    -3.59    -340.31   .242      .190E-03    .898E-04   -.782E-01    .000E+00      -1       -.014     .00
  36    -3.63    -362.76   .240      .154E-03    .818E-04   -.789E-01    .000E+00      -1       -.015     .00
  37    -3.68    -388.70   .238      .127E-03    .747E-04   -.796E-01    .000E+00      -1       -.015     .00
  38    -3.72    -418.88   .236      .992E-04    .669E-04   -.802E-01    .000E+00      -1       -.015     .00
  39    -3.76    -454.68   .233      .787E-04    .599E-04   -.807E-01    .000E+00      -1       -.015     .00
  40    -3.80    -497.26   .231      .595E-04    .528E-04   -.811E-01    .000E+00      -1       -.015     .00
  41    -3.83    -550.02   .228      .426E-04    .455E-04   -.814E-01    .000E+00      -1       -.015     .00
  42    -3.86    -616.75   .226      .306E-04    .389E-04   -.817E-01    .000E+00      -1       -.015     .00
  43    -3.89    -702.18   .223      .206E-04    .323E-04   -.819E-01    .000E+00      -1       -.015     .00
  44    -3.91    -817.41   .219      .129E-04    .260E-04   -.821E-01    .000E+00      -1       -.015     .00
  45    -3.93    -984.05   .216      .716E-05    .199E-04   -.821E-01    .000E+00      -1       -.015     .00
  46    -3.95    -984.97  1.000      .300E-02    .000E+00   -.821E-01    .000E+00      -1       -.015     .00
  47    -4.09    -988.73  1.000      .300E-02    .000E+00   -.821E-01    .000E+00      -1       -.015     .00
  48    -4.24    -992.48  1.000      .300E-02    .000E+00   -.821E-01    .000E+00      -1       -.015     .00
  49    -4.38    -996.24  1.000      .300E-02    .000E+00   -.821E-01    .000E+00      -1       -.015     .00
  50    -4.52   -1000.00  1.000      .300E-02    .000E+00   -.821E-01    .000E+00      -1       -.015     .00
end


 Time:     2.750000

 Node    Depth      Head Moisture       K          C         Flux        Sink         Kappa   v/KsTop   Temp
         [L]       [L]     [-]        [L/T]      [1/L]      [L/T]        [1/T]         [-]      [-]      [C]

   1      .00    -251.22   .251      .475E-03    .136E-03   -.599E-03    .000E+00      -1        .000     .00
   2     -.16    -251.26   .251      .475E-03    .136E-03   -.119E-02    .000E+00      -1        .000     .00
   3     -.31    -251.69   .251      .472E-03    .136E-03   -.236E-02    .000E+00      -1        .000     .00
   4     -.47    -252.49   .251      .468E-03    .135E-03   -.350E-02    .000E+00      -1       -.001     .00
   5     -.61    -253.65   .251      .461E-03    .134E-03   -.462E-02    .000E+00      -1       -.001     .00
   6     -.76    -255.15   .251      .453E-03    .133E-03   -.570E-02    .000E+00      -1       -.001     .00
   7     -.90    -257.00   .251      .442E-03    .132E-03   -.676E-02    .000E+00      -1       -.001     .00
   8    -1.04    -259.19   .250      .430E-03    .130E-03   -.779E-02    .000E+00      -1       -.001     .00
   9    -1.18    -261.72   .250      .415E-03    .128E-03   -.881E-02    .000E+00      -1       -.002     .00
  10    -1.31    -264.63   .250      .399E-03    .126E-03   -.981E-02    .000E+00      -1       -.002     .00
  11    -1.44    -267.93   .249      .380E-03    .124E-03   -.108E-01    .000E+00      -1       -.002     .00
  12    -1.57    -271.62   .249      .368E-03    .122E-03   -.118E-01    .000E+00      -1       -.002     .00
  13    -1.69    -275.66   .248      .355E-03    .120E-03   -.127E-01    .000E+00      -1       -.002     .00
  14    -1.81    -280.07   .248      .341E-03    .117E-03   -.136E-01    .000E+00      -1       -.003     .00
  15    -1.93    -284.86   .247      .325E-03    .115E-03   -.144E-01    .000E+00      -1       -.003     .00
  16    -2.04    -290.05   .247      .309E-03    .112E-03   -.152E-01    .000E+00      -1       -.003     .00
  17    -2.15    -295.69   .246      .291E-03    .109E-03   -.160E-01    .000E+00      -1       -.003     .00
  18    -2.26    -301.82   .245      .271E-03    .106E-03   -.167E-01    .000E+00      -1       -.003     .00
  19    -2.36    -308.54   .245      .249E-03    .102E-03   -.174E-01    .000E+00      -1       -.003     .00
  20    -2.46    -315.84   .244      .235E-03    .992E-04   -.181E-01    .000E+00      -1       -.003     .00
  21    -2.56    -323.67   .243      .220E-03    .962E-04   -.188E-01    .000E+00      -1       -.003     .00
  22    -2.65    -332.05   .242      .205E-03    .930E-04   -.194E-01    .000E+00      -1       -.004     .00
  23    -2.74    -341.07   .242      .189E-03    .896E-04   -.200E-01    .000E+00      -1       -.004     .00
  24    -2.83    -350.89   .241      .171E-03    .858E-04   -.206E-01    .000E+00      -1       -.004     .00
  25    -2.92    -361.62   .240      .155E-03    .821E-04   -.211E-01    .000E+00      -1       -.004     .00
  26    -3.00    -373.22   .239      .143E-03    .790E-04   -.216E-01    .000E+00      -1       -.004     .00
  27    -3.08    -385.65   .238      .130E-03    .756E-04   -.221E-01    .000E+00      -1       -.004     .00
  28    -3.15    -399.11   .237      .117E-03    .719E-04   -.225E-01    .000E+00      -1       -.004     .00
  29    -3.22    -413.95   .236      .102E-03    .679E-04   -.229E-01    .000E+00      -1       -.004     .00
  30    -3.29    -430.16   .235      .928E-04    .648E-04   -.233E-01    .000E+00      -1       -.004     .00
  31    -3.36    -447.59   .234      .828E-04    .614E-04   -.237E-01    .000E+00      -1       -.004     .00
  32    -3.42    -466.66   .233      .719E-04    .576E-04   -.240E-01    .000E+00      -1       -.004     .00
  33    -3.48    -487.75   .232      .627E-04    .541E-04   -.243E-01    .000E+00      -1       -.004     .00
  34    -3.53    -510.77   .230      .553E-04    .509E-04   -.246E-01    .000E+00      -1       -.005     .00
  35    -3.59    -536.01   .229      .471E-04    .474E-04   -.248E-01    .000E+00      -1       -.005     .00
  36    -3.63    -564.07   .228      .401E-04    .441E-04   -.250E-01    .000E+00      -1       -.005     .00
  37    -3.68    -594.97   .227      .346E-04    .410E-04   -.252E-01    .000E+00      -1       -.005     .00
  38    -3.72    -629.30   .225      .284E-04    .376E-04   -.254E-01    .000E+00      -1       -.005     .00
  39    -3.76    -667.62   .224      .241E-04    .348E-04   -.255E-01    .000E+00      -1       -.005     .00
  40    -3.80    -709.82   .222      .199E-04    .318E-04   -.256E-01    .000E+00      -1       -.005     .00
  41    -3.83    -756.85   .221      .163E-04    .290E-04   -.257E-01    .000E+00      -1       -.005     .00
  42    -3.86    -808.83   .220      .134E-04    .265E-04   -.258E-01    .000E+00      -1       -.005     .00
  43    -3.89    -866.13   .218      .107E-04    .239E-04   -.258E-01    .000E+00      -1       -.005     .00
  44    -3.91    -928.59   .217      .875E-05    .217E-04   -.258E-01    .000E+00      -1       -.005     .00
  45    -3.93    -995.38   .215      .696E-05    .196E-04   -.258E-01    .000E+00      -1       -.005     .00
  46    -3.95    -995.66  1.000      .300E-02    .000E+00   -.258E-01    .000E+00      -1       -.005     .00
  47    -4.09    -996.75  1.000      .300E-02    .000E+00   -.258E-01    .000E+00      -1       -.005     .00
  48    -4.24    -997.83  1.000      .300E-02    .000E+00   -.258E-01    .000E+00      -1       -.005     .00
  49    -4.38    -998.92  1.000      .300E-02    .000E+00   -.258E-01    .000E+00      -1       -.005     .00
  50    -4.52   -1000.00  1.000      .300E-02    .000E+00   -.258E-01    .000E+00      -1       -.005     .00
end


 Time:     5.417000

 Node    Depth      Head Moisture       K          C         Flux        Sink         Kappa   v/KsTop   Temp
         [L]       [L]     [-]        [L/T]      [1/L]      [L/T]        [1/T]         [-]      [-]      [C]

   1      .00    -364.79   .240      .151E-03    .810E-04   -.265E-03    .000E+00      -1        .000     .00
   2     -.16    -364.91   .240      .150E-03    .810E-04   -.524E-03    .000E+00      -1        .000     .00
   3     -.31    -365.57   .240      .150E-03    .808E-04   -.104E-02    .000E+00      -1        .000     .00
   4     -.47    -366.75   .239      .149E-03    .805E-04   -.155E-02    .000E+00      -1        .000     .00
   5     -.61    -368.41   .239      .147E-03    .800E-04   -.204E-02    .000E+00      -1        .000     .00
   6     -.76    -370.55   .239      .145E-03    .794E-04   -.252E-02    .000E+00      -1        .000     .00
   7     -.90    -373.15   .239      .142E-03    .787E-04   -.299E-02    .000E+00      -1       -.001     .00
   8    -1.04    -376.19   .239      .139E-03    .779E-04   -.343E-02    .000E+00      -1       -.001     .00
   9    -1.18    -379.68   .238      .136E-03    .769E-04   -.387E-02    .000E+00      -1       -.001     .00
  10    -1.31    -383.60   .238      .132E-03    .759E-04   -.428E-02    .000E+00      -1       -.001     .00
  11    -1.44    -387.96   .238      .127E-03    .747E-04   -.468E-02    .000E+00      -1       -.001     .00
  12    -1.57    -392.78   .237      .122E-03    .734E-04   -.506E-02    .000E+00      -1       -.001     .00
  13    -1.69    -398.08   .237      .117E-03    .719E-04   -.544E-02    .000E+00      -1       -.001     .00
  14    -1.81    -403.90   .237      .111E-03    .703E-04   -.582E-02    .000E+00      -1       -.001     .00
  15    -1.93    -410.31   .236      .104E-03    .685E-04   -.619E-02    .000E+00      -1       -.001     .00
  16    -2.04    -417.29   .236      .995E-04    .670E-04   -.654E-02    .000E+00      -1       -.001     .00
  17    -2.15    -424.79   .235      .953E-04    .656E-04   -.688E-02    .000E+00      -1       -.001     .00
  18    -2.26    -432.80   .235      .907E-04    .640E-04   -.720E-02    .000E+00      -1       -.001     .00
  19    -2.36    -441.35   .234      .858E-04    .624E-04   -.750E-02    .000E+00      -1       -.001     .00
  20    -2.46    -450.49   .234      .805E-04    .606E-04   -.777E-02    .000E+00      -1       -.001     .00
  21    -2.56    -460.32   .233      .749E-04    .586E-04   -.805E-02    .000E+00      -1       -.001     .00
  22    -2.65    -470.96   .232      .687E-04    .565E-04   -.831E-02    .000E+00      -1       -.002     .00
  23    -2.74    -482.44   .232      .640E-04    .547E-04   -.856E-02    .000E+00      -1       -.002     .00
  24    -2.83    -494.66   .231      .601E-04    .530E-04   -.880E-02    .000E+00      -1       -.002     .00
  25    -2.92    -507.57   .230      .559E-04    .512E-04   -.902E-02    .000E+00      -1       -.002     .00
  26    -3.00    -521.31   .230      .515E-04    .493E-04   -.921E-02    .000E+00      -1       -.002     .00
  27    -3.08    -536.05   .229      .467E-04    .472E-04   -.940E-02    .000E+00      -1       -.002     .00
  28    -3.15    -552.00   .228      .421E-04    .452E-04   -.959E-02    .000E+00      -1       -.002     .00
  29    -3.22    -569.04   .228      .390E-04    .435E-04   -.975E-02    .000E+00      -1       -.002     .00
  30    -3.29    -586.98   .227      .358E-04    .417E-04   -.990E-02    .000E+00      -1       -.002     .00
  31    -3.36    -606.01   .226      .324E-04    .398E-04   -.100E-01    .000E+00      -1       -.002     .00
  32    -3.42    -626.50   .225      .287E-04    .378E-04   -.102E-01    .000E+00      -1       -.002     .00
  33    -3.48    -648.49   .224      .259E-04    .361E-04   -.103E-01    .000E+00      -1       -.002     .00
  34    -3.53    -671.64   .224      .236E-04    .344E-04   -.104E-01    .000E+00      -1       -.002     .00
  35    -3.59    -696.01   .223      .212E-04    .327E-04   -.105E-01    .000E+00      -1       -.002     .00
  36    -3.63    -722.02   .222      .185E-04    .309E-04   -.105E-01    .000E+00      -1       -.002     .00
  37    -3.68    -749.67   .221      .166E-04    .293E-04   -.106E-01    .000E+00      -1       -.002     .00
  38    -3.72    -778.43   .220      .150E-04    .279E-04   -.107E-01    .000E+00      -1       -.002     .00
  39    -3.76    -808.26   .220      .133E-04    .264E-04   -.107E-01    .000E+00      -1       -.002     .00
  40    -3.80    -839.55   .219      .116E-04    .249E-04   -.107E-01    .000E+00      -1       -.002     .00
  41    -3.83    -871.87   .218      .105E-04    .237E-04   -.108E-01    .000E+00      -1       -.002     .00
  42    -3.86    -904.17   .217      .948E-05    .226E-04   -.108E-01    .000E+00      -1       -.002     .00
  43    -3.89    -936.25   .217      .849E-05    .215E-04   -.108E-01    .000E+00      -1       -.002     .00
  44    -3.91    -967.99   .216      .752E-05    .204E-04   -.108E-01    .000E+00      -1       -.002     .00
  45    -3.93    -998.41   .215      .691E-05    .196E-04   -.108E-01    .000E+00      -1       -.002     .00
  46    -3.95    -998.52  1.000      .300E-02    .000E+00   -.108E-01    .000E+00      -1       -.002     .00
  47    -4.09    -998.89  1.000      .300E-02    .000E+00   -.108E-01    .000E+00      -1       -.002     .00
  48    -4.24    -999.26  1.000      .300E-02    .000E+00   -.108E-01    .000E+00      -1       -.002     .00
  49    -4.38    -999.63  1.000      .300E-02    .000E+00   -.108E-01    .000E+00      -1       -.002     .00
  50    -4.52   -1000.00  1.000      .300E-02    .000E+00   -.108E-01    .000E+00      -1       -.002     .00
end


 Time:    10.000000

 Node    Depth      Head Moisture       K          C         Flux        Sink         Kappa   v/KsTop   Temp
         [L]       [L]     [-]        [L/T]      [1/L]      [L/T]        [1/T]         [-]      [-]      [C]

   1      .00    -502.84   .231      .576E-04    .519E-04   -.119E-03    .000E+00      -1        .000     .00
   2     -.16    -503.01   .231      .575E-04    .519E-04   -.236E-03    .000E+00      -1        .000     .00
   3     -.31    -503.82   .231      .573E-04    .518E-04   -.470E-03    .000E+00      -1        .000     .00
   4     -.47    -505.23   .231      .568E-04    .516E-04   -.698E-03    .000E+00      -1        .000     .00
   5     -.61    -507.22   .230      .562E-04    .513E-04   -.920E-03    .000E+00      -1        .000     .00
   6     -.76    -509.76   .230      .554E-04    .510E-04   -.114E-02    .000E+00      -1        .000     .00
   7     -.90    -512.85   .230      .544E-04    .506E-04   -.134E-02    .000E+00      -1        .000     .00
   8    -1.04    -516.45   .230      .532E-04    .501E-04   -.155E-02    .000E+00      -1        .000     .00
   9    -1.18    -520.58   .230      .519E-04    .495E-04   -.174E-02    .000E+00      -1        .000     .00
  10    -1.31    -525.21   .230      .504E-04    .488E-04   -.193E-02    .000E+00      -1        .000     .00
  11    -1.44    -530.37   .229      .487E-04    .481E-04   -.211E-02    .000E+00      -1        .000     .00
  12    -1.57    -536.06   .229      .468E-04    .473E-04   -.229E-02    .000E+00      -1        .000     .00
  13    -1.69    -542.32   .229      .448E-04    .464E-04   -.246E-02    .000E+00      -1        .000     .00
  14    -1.81    -549.19   .228      .426E-04    .455E-04   -.263E-02    .000E+00      -1        .000     .00
  15    -1.93    -556.62   .228      .413E-04    .447E-04   -.279E-02    .000E+00      -1       -.001     .00
  16    -2.04    -564.54   .228      .399E-04    .439E-04   -.295E-02    .000E+00      -1       -.001     .00
  17    -2.15    -572.96   .227      .384E-04    .431E-04   -.310E-02    .000E+00      -1       -.001     .00
  18    -2.26    -581.88   .227      .367E-04    .422E-04   -.323E-02    .000E+00      -1       -.001     .00
  19    -2.36    -591.33   .227      .350E-04    .413E-04   -.336E-02    .000E+00      -1       -.001     .00
  20    -2.46    -601.34   .226      .332E-04    .403E-04   -.349E-02    .000E+00      -1       -.001     .00
  21    -2.56    -611.95   .226      .313E-04    .392E-04   -.360E-02    .000E+00      -1       -.001     .00
  22    -2.65    -623.26   .225      .292E-04    .381E-04   -.371E-02    .000E+00      -1       -.001     .00
  23    -2.74    -635.32   .225      .272E-04    .369E-04   -.382E-02    .000E+00      -1       -.001     .00
  24    -2.83    -648.02   .224      .260E-04    .361E-04   -.392E-02    .000E+00      -1       -.001     .00
  25    -2.92    -661.20   .224      .246E-04    .351E-04   -.401E-02    .000E+00      -1       -.001     .00
  26    -3.00    -674.91   .224      .232E-04    .342E-04   -.410E-02    .000E+00      -1       -.001     .00
  27    -3.08    -689.18   .223      .218E-04    .332E-04   -.417E-02    .000E+00      -1       -.001     .00
  28    -3.15    -704.10   .223      .203E-04    .321E-04   -.424E-02    .000E+00      -1       -.001     .00
  29    -3.22    -719.79   .222      .187E-04    .310E-04   -.431E-02    .000E+00      -1       -.001     .00
  30    -3.29    -736.25   .222      .173E-04    .300E-04   -.437E-02    .000E+00      -1       -.001     .00
  31    -3.36    -753.25   .221      .164E-04    .291E-04   -.442E-02    .000E+00      -1       -.001     .00
  32    -3.42    -770.59   .221      .154E-04    .283E-04   -.447E-02    .000E+00      -1       -.001     .00
  33    -3.48    -788.30   .220      .144E-04    .274E-04   -.451E-02    .000E+00      -1       -.001     .00
  34    -3.53    -806.43   .220      .134E-04    .265E-04   -.455E-02    .000E+00      -1       -.001     .00
  35    -3.59    -825.03   .219      .123E-04    .255E-04   -.458E-02    .000E+00      -1       -.001     .00
  36    -3.63    -844.14   .219      .113E-04    .246E-04   -.461E-02    .000E+00      -1       -.001     .00
  37    -3.68    -863.42   .218      .107E-04    .239E-04   -.463E-02    .000E+00      -1       -.001     .00
  38    -3.72    -882.46   .218      .101E-04    .233E-04   -.465E-02    .000E+00      -1       -.001     .00
  39    -3.76    -901.18   .217      .954E-05    .226E-04   -.467E-02    .000E+00      -1       -.001     .00
  40    -3.80    -919.50   .217      .898E-05    .220E-04   -.468E-02    .000E+00      -1       -.001     .00
  41    -3.83    -937.31   .217      .843E-05    .214E-04   -.469E-02    .000E+00      -1       -.001     .00
  42    -3.86    -954.47   .216      .791E-05    .208E-04   -.469E-02    .000E+00      -1       -.001     .00
  43    -3.89    -970.83   .216      .741E-05    .202E-04   -.470E-02    .000E+00      -1       -.001     .00
  44    -3.91    -986.03   .215      .712E-05    .198E-04   -.470E-02    .000E+00      -1       -.001     .00
  45    -3.93    -999.64   .215      .689E-05    .195E-04   -.470E-02    .000E+00      -1       -.001     .00
  46    -3.95    -999.68  1.000      .300E-02    .000E+00   -.469E-02    .000E+00      -1       -.001     .00
  47    -4.09    -999.76  1.000      .300E-02    .000E+00   -.469E-02    .000E+00      -1       -.001     .00
  48    -4.24    -999.84  1.000      .300E-02    .000E+00   -.469E-02    .000E+00      -1       -.001     .00
  49    -4.38    -999.92  1.000      .300E-02    .000E+00   -.469E-02    .000E+00      -1       -.001     .00
  50    -4.52   -1000.00  1.000      .300E-02    .000E+00   -.469E-02    .000E+00      -1       -.001     .00
end


 Time:    15.000000

 Node    Depth      Head Moisture       K          C         Flux        Sink         Kappa   v/KsTop   Temp
         [L]       [L]     [-]        [L/T]      [1/L]      [L/T]        [1/T]         [-]      [-]      [C]

   1      .00    -612.92   .226      .317E-04    .394E-04   -.678E-04    .000E+00      -1        .000     .00
   2     -.16    -613.10   .226      .317E-04    .394E-04   -.134E-03    .000E+00      -1        .000     .00
   3     -.31    -613.94   .226      .315E-04    .393E-04   -.267E-03    .000E+00      -1        .000     .00
   4     -.47    -615.40   .226      .313E-04    .392E-04   -.396E-03    .000E+00      -1        .000     .00
   5     -.61    -617.46   .226      .309E-04    .390E-04   -.522E-03    .000E+00      -1        .000     .00
   6     -.76    -620.09   .226      .304E-04    .387E-04   -.644E-03    .000E+00      -1        .000     .00
   7     -.90    -623.28   .225      .299E-04    .384E-04   -.764E-03    .000E+00      -1        .000     .00
   8    -1.04    -627.02   .225      .292E-04    .381E-04   -.880E-03    .000E+00      -1        .000     .00
   9    -1.18    -631.31   .225      .284E-04    .376E-04   -.994E-03    .000E+00      -1        .000     .00
  10    -1.31    -636.17   .225      .275E-04    .372E-04   -.110E-02    .000E+00      -1        .000     .00
  11    -1.44    -641.55   .225      .270E-04    .368E-04   -.121E-02    .000E+00      -1        .000     .00
  12    -1.57    -647.41   .224      .264E-04    .364E-04   -.132E-02    .000E+00      -1        .000     .00
  13    -1.69    -653.74   .224      .258E-04    .359E-04   -.141E-02    .000E+00      -1        .000     .00
  14    -1.81    -660.51   .224      .251E-04    .355E-04   -.151E-02    .000E+00      -1        .000     .00
  15    -1.93    -667.73   .224      .244E-04    .350E-04   -.160E-02    .000E+00      -1        .000     .00
  16    -2.04    -675.39   .224      .236E-04    .344E-04   -.168E-02    .000E+00      -1        .000     .00
  17    -2.15    -683.48   .223      .228E-04    .339E-04   -.176E-02    .000E+00      -1        .000     .00
  18    -2.26    -692.00   .223      .219E-04    .333E-04   -.184E-02    .000E+00      -1        .000     .00
  19    -2.36    -700.96   .223      .210E-04    .326E-04   -.191E-02    .000E+00      -1        .000     .00
  20    -2.46    -710.37   .222      .201E-04    .320E-04   -.198E-02    .000E+00      -1        .000     .00
  21    -2.56    -720.27   .222      .191E-04    .313E-04   -.204E-02    .000E+00      -1        .000     .00
  22    -2.65    -730.69   .222      .180E-04    .305E-04   -.210E-02    .000E+00      -1        .000     .00
  23    -2.74    -741.58   .221      .173E-04    .299E-04   -.216E-02    .000E+00      -1        .000     .00
  24    -2.83    -752.80   .221      .166E-04    .294E-04   -.221E-02    .000E+00      -1        .000     .00
  25    -2.92    -764.31   .221      .160E-04    .288E-04   -.226E-02    .000E+00      -1        .000     .00
  26    -3.00    -776.09   .220      .153E-04    .282E-04   -.230E-02    .000E+00      -1        .000     .00
  27    -3.08    -788.13   .220      .146E-04    .276E-04   -.234E-02    .000E+00      -1        .000     .00
  28    -3.15    -800.42   .220      .140E-04    .270E-04   -.238E-02    .000E+00      -1        .000     .00
  29    -3.22    -812.98   .219      .132E-04    .263E-04   -.241E-02    .000E+00      -1        .000     .00
  30    -3.29    -825.82   .219      .125E-04    .257E-04   -.244E-02    .000E+00      -1        .000     .00
  31    -3.36    -838.96   .219      .118E-04    .250E-04   -.247E-02    .000E+00      -1        .000     .00
  32    -3.42    -852.32   .218      .112E-04    .245E-04   -.249E-02    .000E+00      -1        .000     .00
  33    -3.48    -865.70   .218      .108E-04    .240E-04   -.251E-02    .000E+00      -1        .000     .00
  34    -3.53    -878.96   .218      .103E-04    .235E-04   -.253E-02    .000E+00      -1        .000     .00
  35    -3.59    -892.04   .218      .992E-05    .231E-04   -.254E-02    .000E+00      -1        .000     .00
  36    -3.63    -904.90   .217      .952E-05    .226E-04   -.255E-02    .000E+00      -1        .000     .00
  37    -3.68    -917.50   .217      .912E-05    .222E-04   -.256E-02    .000E+00      -1        .000     .00
  38    -3.72    -929.78   .217      .873E-05    .217E-04   -.257E-02    .000E+00      -1        .000     .00
  39    -3.76    -941.68   .216      .836E-05    .213E-04   -.258E-02    .000E+00      -1        .000     .00
  40    -3.80    -953.13   .216      .800E-05    .209E-04   -.258E-02    .000E+00      -1        .000     .00
  41    -3.83    -964.06   .216      .766E-05    .205E-04   -.259E-02    .000E+00      -1        .000     .00
  42    -3.86    -974.38   .216      .733E-05    .202E-04   -.259E-02    .000E+00      -1        .000     .00
  43    -3.89    -983.92   .216      .716E-05    .199E-04   -.259E-02    .000E+00      -1        .000     .00
  44    -3.91    -992.50   .215      .701E-05    .197E-04   -.259E-02    .000E+00      -1        .000     .00
  45    -3.93   -1000.06   .215      .688E-05    .195E-04   -.259E-02    .000E+00      -1        .000     .00
  46    -3.95   -1000.08  1.000      .300E-02    .000E+00   -.260E-02    .000E+00      -1        .000     .00
  47    -4.09   -1000.06  1.000      .300E-02    .000E+00   -.260E-02    .000E+00      -1        .000     .00
  48    -4.24   -1000.04  1.000      .300E-02    .000E+00   -.260E-02    .000E+00      -1        .000     .00
  49    -4.38   -1000.02  1.000      .300E-02    .000E+00   -.260E-02    .000E+00      -1        .000     .00
  50    -4.52   -1000.00  1.000      .300E-02    .000E+00   -.260E-02    .000E+00      -1        .000     .00
end


 Time:   100.000000

 Node    Depth      Head Moisture       K          C         Flux        Sink         Kappa   v/KsTop   Temp
         [L]       [L]     [-]        [L/T]      [1/L]      [L/T]        [1/T]         [-]      [-]      [C]

   1      .00    -994.06   .215      .696E-05    .196E-04   -.920E-06    .000E+00      -1        .000     .00
   2     -.16    -993.93   .215      .696E-05    .196E-04   -.182E-05    .000E+00      -1        .000     .00
   3     -.31    -993.83   .215      .697E-05    .196E-04   -.361E-05    .000E+00      -1        .000     .00
   4     -.47    -993.78   .215      .697E-05    .196E-04   -.535E-05    .000E+00      -1        .000     .00
   5     -.61    -993.76   .215      .697E-05    .196E-04   -.703E-05    .000E+00      -1        .000     .00
   6     -.76    -993.78   .215      .697E-05    .196E-04   -.866E-05    .000E+00      -1        .000     .00
   7     -.90    -993.83   .215      .697E-05    .196E-04   -.102E-04    .000E+00      -1        .000     .00
   8    -1.04    -993.91   .215      .697E-05    .196E-04   -.117E-04    .000E+00      -1        .000     .00
   9    -1.18    -994.02   .215      .696E-05    .196E-04   -.131E-04    .000E+00      -1        .000     .00
  10    -1.31    -994.15   .215      .696E-05    .196E-04   -.145E-04    .000E+00      -1        .000     .00
  11    -1.44    -994.30   .215      .696E-05    .196E-04   -.158E-04    .000E+00      -1        .000     .00
  12    -1.57    -994.47   .215      .696E-05    .196E-04   -.170E-04    .000E+00      -1        .000     .00
  13    -1.69    -994.66   .215      .696E-05    .196E-04   -.181E-04    .000E+00      -1        .000     .00
  14    -1.81    -994.86   .215      .695E-05    .196E-04   -.191E-04    .000E+00      -1        .000     .00
  15    -1.93    -995.08   .215      .695E-05    .196E-04   -.201E-04    .000E+00      -1        .000     .00
  16    -2.04    -995.30   .215      .695E-05    .196E-04   -.210E-04    .000E+00      -1        .000     .00
  17    -2.15    -995.53   .215      .694E-05    .196E-04   -.219E-04    .000E+00      -1        .000     .00
  18    -2.26    -995.77   .215      .694E-05    .196E-04   -.227E-04    .000E+00      -1        .000     .00
  19    -2.36    -996.01   .215      .694E-05    .196E-04   -.234E-04    .000E+00      -1        .000     .00
  20    -2.46    -996.25   .215      .693E-05    .196E-04   -.240E-04    .000E+00      -1        .000     .00
  21    -2.56    -996.50   .215      .693E-05    .196E-04   -.246E-04    .000E+00      -1        .000     .00
  22    -2.65    -996.74   .215      .693E-05    .196E-04   -.252E-04    .000E+00      -1        .000     .00
  23    -2.74    -996.98   .215      .692E-05    .196E-04   -.257E-04    .000E+00      -1        .000     .00
  24    -2.83    -997.23   .215      .692E-05    .196E-04   -.261E-04    .000E+00      -1        .000     .00
  25    -2.92    -997.46   .215      .692E-05    .196E-04   -.265E-04    .000E+00      -1        .000     .00
  26    -3.00    -997.69   .215      .691E-05    .196E-04   -.269E-04    .000E+00      -1        .000     .00
  27    -3.08    -997.92   .215      .691E-05    .196E-04   -.272E-04    .000E+00      -1        .000     .00
  28    -3.15    -998.14   .215      .691E-05    .195E-04   -.274E-04    .000E+00      -1        .000     .00
  29    -3.22    -998.36   .215      .691E-05    .195E-04   -.277E-04    .000E+00      -1        .000     .00
  30    -3.29    -998.57   .215      .690E-05    .195E-04   -.279E-04    .000E+00      -1        .000     .00
  31    -3.36    -998.77   .215      .690E-05    .195E-04   -.281E-04    .000E+00      -1        .000     .00
  32    -3.42    -998.96   .215      .690E-05    .195E-04   -.282E-04    .000E+00      -1        .000     .00
  33    -3.48    -999.14   .215      .689E-05    .195E-04   -.284E-04    .000E+00      -1        .000     .00
  34    -3.53    -999.31   .215      .689E-05    .195E-04   -.285E-04    .000E+00      -1        .000     .00
  35    -3.59    -999.48   .215      .689E-05    .195E-04   -.285E-04    .000E+00      -1        .000     .00
  36    -3.63    -999.63   .215      .689E-05    .195E-04   -.286E-04    .000E+00      -1        .000     .00
  37    -3.68    -999.78   .215      .689E-05    .195E-04   -.287E-04    .000E+00      -1        .000     .00
  38    -3.72    -999.91   .215      .688E-05    .195E-04   -.287E-04    .000E+00      -1        .000     .00
  39    -3.76   -1000.04   .215      .688E-05    .195E-04   -.288E-04    .000E+00      -1        .000     .00
  40    -3.80   -1000.16   .215      .688E-05    .195E-04   -.288E-04    .000E+00      -1        .000     .00
  41    -3.83   -1000.26   .215      .688E-05    .195E-04   -.288E-04    .000E+00      -1        .000     .00
  42    -3.86   -1000.36   .215      .688E-05    .195E-04   -.288E-04    .000E+00      -1        .000     .00
  43    -3.89   -1000.44   .215      .688E-05    .195E-04   -.288E-04    .000E+00      -1        .000     .00
  44    -3.91   -1000.52   .215      .688E-05    .195E-04   -.288E-04    .000E+00      -1        .000     .00
  45    -3.93   -1000.58   .215      .687E-05    .195E-04   -.291E-04    .000E+00      -1        .000     .00
  46    -3.95   -1000.56  1.000      .300E-02    .000E+00   -.269E-04    .000E+00      -1        .000     .00
  47    -4.09   -1000.42  1.000      .300E-02    .000E+00   -.266E-04    .000E+00      -1        .000     .00
  48    -4.24   -1000.28  1.000      .300E-02    .000E+00   -.273E-04    .000E+00      -1        .000     .00
  49    -4.38   -1000.14  1.000      .300E-02    .000E+00   -.273E-04    .000E+00      -1        .000     .00
  50    -4.52   -1000.00  1.000      .300E-02    .000E+00   -.266E-04    .000E+00      -1        .000     .00
end
