 ******* Program HYDRUS
 ******* Test example for Onestep outflow method                                
  
 Date:   1.10.    Time:  14:11:25
 Units: L = cm   , T = hours, M = mmol 



                             Node(  6)                      Node( 14)                      Node( 24)                      Node( 39)

       time         h        theta    Temp         h        theta    Temp         h        theta    Temp         h        theta    Temp   
          .001      -2.269   .3861     .000        -1.791   .3867     .000        -1.796   .3866     .000        -2.383   .3859     .000
          .002      -3.118   .3851     .000        -2.764   .3855     .000        -2.989   .3852     .000        -3.996   .3838     .000
          .003      -3.861   .3840     .000        -3.588   .3844     .000        -4.003   .3838     .000        -5.425   .3817     .000
          .004      -4.753   .3827     .000        -4.581   .3830     .000        -5.232   .3820     .000        -7.164   .3788     .000
          .006      -5.768   .3811     .000        -5.715   .3812     .000        -6.658   .3797     .000        -9.282   .3752     .000
          .008      -7.086   .3790     .000        -7.199   .3788     .000        -8.564   .3765     .000       -12.283   .3700     .000
          .011      -8.725   .3762     .000        -9.061   .3756     .000       -11.011   .3722     .000       -16.512   .3627     .000
          .014     -10.259   .3735     .000       -10.821   .3726     .000       -13.409   .3680     .000       -21.207   .3550     .000
          .017     -11.726   .3710     .000       -12.520   .3696     .000       -15.790   .3639     .000       -26.544   .3469     .000
          .021     -13.608   .3677     .000       -14.717   .3658     .000       -18.970   .3586     .000       -35.208   .3354     .000
          .025     -15.409   .3646     .000       -16.832   .3622     .000       -22.107   .3536     .000       -45.920   .3236     .000
          .028     -16.582   .3626     .000       -18.215   .3598     .000       -24.172   .3504     .000       -54.149   .3160     .000
          .029     -17.348   .3613     .000       -19.118   .3584     .000       -25.523   .3484     .000       -59.953   .3113     .000
          .031     -18.112   .3600     .000       -20.005   .3569     .000       -26.838   .3464     .000       -65.707   .3070     .000
          .033     -18.857   .3588     .000       -20.879   .3555     .000       -28.118   .3447     .000       -71.177   .3032     .000
          .034     -19.226   .3582     .000       -21.313   .3548     .000       -28.750   .3438     .000       -73.684   .3016     .000
          .035     -19.480   .3578     .000       -21.610   .3544     .000       -29.184   .3432     .000       -75.314   .3006     .000
          .035     -19.811   .3572     .000       -21.997   .3537     .000       -29.740   .3424     .000       -77.587   .2993     .000
          .036     -20.141   .3567     .000       -22.379   .3531     .000       -30.292   .3417     .000       -79.691   .2981     .000
          .037     -20.379   .3563     .000       -22.649   .3527     .000       -30.679   .3411     .000       -81.083   .2972     .000
          .037     -20.681   .3558     .000       -22.991   .3522     .000       -31.162   .3405     .000       -82.736   .2963     .000
          .038     -20.977   .3553     .000       -23.332   .3516     .000       -31.641   .3399     .000       -84.191   .2954     .000
          .039     -21.182   .3550     .000       -23.568   .3513     .000       -31.970   .3395     .000       -85.185   .2949     .000
          .039     -21.384   .3547     .000       -23.802   .3510     .000       -32.293   .3391     .000       -86.130   .2944     .000
          .040     -21.585   .3544     .000       -24.034   .3506     .000       -32.610   .3387     .000       -87.096   .2939     .000
          .040     -21.850   .3540     .000       -24.338   .3502     .000       -33.026   .3381     .000       -88.394   .2933     .000
          .041     -22.034   .3537     .000       -24.550   .3498     .000       -33.316   .3378     .000       -89.304   .2929     .000
          .042     -22.264   .3533     .000       -24.815   .3494     .000       -33.678   .3373     .000       -90.429   .2923     .000
          .042     -22.493   .3530     .000       -25.077   .3491     .000       -34.033   .3369     .000       -91.501   .2918     .000
          .043     -22.721   .3526     .000       -25.337   .3487     .000       -34.379   .3364     .000       -92.503   .2913     .000
          .044     -23.022   .3521     .000       -25.679   .3482     .000       -34.846   .3358     .000       -93.780   .2906     .000
          .044     -23.324   .3517     .000       -26.019   .3477     .000       -35.303   .3353     .000       -94.912   .2901     .000
          .045     -23.750   .3510     .000       -26.488   .3470     .000       -35.925   .3345     .000       -96.443   .2893     .000
          .046     -24.030   .3506     .000       -26.800   .3465     .000       -36.337   .3340     .000       -97.411   .2888     .000
          .047     -24.375   .3501     .000       -27.187   .3460     .000       -36.844   .3334     .000       -98.620   .2883     .000
          .048     -24.713   .3496     .000       -27.568   .3454     .000       -37.340   .3329     .000       -99.836   .2878     .000
          .049     -25.046   .3491     .000       -27.943   .3449     .000       -37.823   .3323     .000      -101.148   .2872     .000
          .050     -25.374   .3486     .000       -28.313   .3444     .000       -38.302   .3318     .000      -102.428   .2867     .000
          .051     -25.698   .3481     .000       -28.676   .3439     .000       -38.776   .3312     .000      -103.681   .2862     .000
          .052     -26.110   .3475     .000       -29.140   .3433     .000       -39.374   .3305     .000      -105.244   .2855     .000
          .053     -26.519   .3469     .000       -29.595   .3426     .000       -39.961   .3299     .000      -106.721   .2849     .000
          .055     -26.927   .3463     .000       -30.047   .3420     .000       -40.549   .3292     .000      -108.132   .2843     .000
          .056     -27.341   .3458     .000       -30.493   .3414     .000       -41.124   .3285     .000      -109.464   .2838     .000
          .057     -27.748   .3452     .000       -30.938   .3408     .000       -41.692   .3279     .000      -110.721   .2832     .000
          .058     -28.147   .3446     .000       -31.380   .3402     .000       -42.254   .3274     .000      -111.938   .2827     .000
          .059     -28.538   .3441     .000       -31.815   .3397     .000       -42.806   .3268     .000      -113.118   .2823     .000
          .061     -28.922   .3436     .000       -32.242   .3391     .000       -43.348   .3262     .000      -114.307   .2818     .000
          .062     -29.300   .3430     .000       -32.663   .3386     .000       -43.877   .3257     .000      -115.586   .2814     .000
          .064     -29.783   .3424     .000       -33.201   .3379     .000       -44.562   .3250     .000      -117.310   .2808     .000
          .065     -30.258   .3417     .000       -33.730   .3372     .000       -45.237   .3243     .000      -119.006   .2802     .000
          .067     -30.728   .3411     .000       -34.249   .3366     .000       -45.890   .3236     .000      -120.667   .2796     .000
          .069     -31.337   .3403     .000       -34.911   .3358     .000       -46.739   .3228     .000      -122.707   .2789     .000
          .071     -31.947   .3395     .000       -35.566   .3349     .000       -47.567   .3219     .000      -124.638   .2782     .000
          .073     -32.540   .3388     .000       -36.216   .3342     .000       -48.385   .3212     .000      -126.381   .2776     .000
          .076     -33.292   .3378     .000       -37.050   .3332     .000       -49.438   .3202     .000      -128.653   .2768     .000
          .077     -33.802   .3372     .000       -37.616   .3325     .000       -50.152   .3196     .000      -130.128   .2763     .000
          .080     -34.449   .3363     .000       -38.337   .3317     .000       -51.052   .3188     .000      -132.063   .2757     .000
          .083     -35.292   .3353     .000       -39.271   .3307     .000       -52.238   .3177     .000      -134.932   .2749     .000
          .087     -36.385   .3340     .000       -40.453   .3293     .000       -53.728   .3163     .000      -138.603   .2738     .000
          .091     -37.469   .3327     .000       -41.625   .3280     .000       -55.200   .3150     .000      -142.098   .2728     .000
          .096     -38.499   .3315     .000       -42.768   .3268     .000       -56.637   .3139     .000      -145.169   .2719     .000
          .101     -39.795   .3301     .000       -44.206   .3254     .000       -58.449   .3125     .000      -149.097   .2707     .000
          .107     -41.044   .3286     .000       -45.589   .3239     .000       -60.198   .3111     .000      -152.579   .2698     .000
          .113     -42.593   .3270     .000       -47.250   .3222     .000       -62.278   .3094     .000      -157.605   .2686     .000
          .118     -43.689   .3259     .000       -48.449   .3211     .000       -63.779   .3083     .000      -161.282   .2677     .000
          .122     -44.448   .3251     .000       -49.294   .3203     .000       -64.847   .3076     .000      -163.742   .2671     .000
          .126     -45.408   .3241     .000       -50.361   .3194     .000       -66.205   .3066     .000      -166.827   .2664     .000
          .132     -46.596   .3229     .000       -51.684   .3182     .000       -67.874   .3055     .000      -170.276   .2655     .000
          .139     -48.013   .3215     .000       -53.238   .3168     .000       -69.843   .3042     .000      -174.401   .2645     .000
          .148     -49.905   .3198     .000       -55.261   .3150     .000       -72.367   .3024     .000      -179.726   .2635     .000
          .155     -51.115   .3187     .000       -56.606   .3139     .000       -74.048   .3013     .000      -183.842   .2626     .000
          .167     -53.381   .3166     .000       -59.132   .3119     .000       -77.258   .2995     .000      -191.169   .2612     .000
          .173     -54.491   .3156     .000       -60.366   .3110     .000       -78.813   .2986     .000      -194.717   .2605     .000
          .179     -55.613   .3147     .000       -61.579   .3100     .000       -80.354   .2977     .000      -197.971   .2598     .000
          .187     -57.088   .3135     .000       -63.146   .3088     .000       -82.310   .2965     .000      -201.988   .2590     .000
          .195     -58.499   .3124     .000       -64.700   .3077     .000       -84.244   .2954     .000      -205.822   .2584     .000
          .203     -59.855   .3114     .000       -66.216   .3066     .000       -86.158   .2944     .000      -210.376   .2577     .000
          .214     -61.577   .3100     .000       -68.143   .3053     .000       -88.613   .2932     .000      -216.024   .2567     .000
          .225     -63.263   .3087     .000       -70.011   .3040     .000       -90.982   .2920     .000      -221.329   .2558     .000
          .235     -64.992   .3075     .000       -71.849   .3028     .000       -93.311   .2909     .000      -226.421   .2550     .000
          .246     -66.693   .3063     .000       -73.685   .3016     .000       -95.592   .2897     .000      -230.906   .2542     .000
          .259     -68.729   .3049     .000       -75.955   .3002     .000       -98.431   .2884     .000      -236.477   .2535     .000
          .273     -70.677   .3036     .000       -78.139   .2990     .000      -101.200   .2872     .000      -242.821   .2526     .000
          .290     -73.146   .3019     .000       -80.879   .2974     .000      -104.690   .2858     .000      -250.520   .2515     .000
          .308     -75.682   .3004     .000       -83.574   .2958     .000      -108.073   .2844     .000      -258.083   .2505     .000
          .332     -78.977   .2985     .000       -87.205   .2939     .000      -112.595   .2825     .000      -267.229   .2493     .000
          .356     -82.073   .2967     .000       -90.673   .2922     .000      -116.986   .2809     .000      -275.324   .2483     .000
          .385     -85.687   .2946     .000       -94.645   .2902     .000      -122.024   .2791     .000      -286.348   .2471     .000
          .413     -89.365   .2928     .000       -98.578   .2883     .000      -126.912   .2774     .000      -297.723   .2458     .000
          .457     -94.361   .2904     .000      -104.168   .2860     .000      -133.977   .2752     .000      -311.140   .2444     .000
          .478     -96.807   .2891     .000      -106.909   .2848     .000      -137.467   .2741     .000      -318.327   .2437     .000
          .500     -99.306   .2880     .000      -109.595   .2837     .000      -140.849   .2731     .000      -324.890   .2431     .000
          .536    -103.352   .2863     .000      -113.941   .2820     .000      -146.236   .2716     .000      -336.668   .2420     .000
          .581    -108.092   .2843     .000      -119.256   .2801     .000      -152.942   .2697     .000      -349.897   .2408     .000
          .637    -113.676   .2820     .000      -125.418   .2779     .000      -160.723   .2678     .000      -365.335   .2395     .000
          .716    -121.473   .2793     .000      -133.871   .2752     .000      -171.235   .2653     .000      -385.905   .2380     .000
          .796    -128.599   .2768     .000      -141.840   .2729     .000      -181.308   .2632     .000      -404.452   .2366     .000
          .914    -138.991   .2737     .000      -153.105   .2697     .000      -195.278   .2604     .000      -431.067   .2349     .000
         1.033    -148.571   .2709     .000      -163.795   .2671     .000      -208.816   .2579     .000      -454.679   .2334     .000
         1.165    -159.098   .2682     .000      -175.142   .2644     .000      -222.725   .2556     .000      -479.118   .2319     .000
         1.341    -171.793   .2652     .000      -189.221   .2616     .000      -240.290   .2529     .000      -508.608   .2305     .000
         1.576    -188.001   .2618     .000      -206.827   .2582     .000      -261.793   .2500     .000      -543.449   .2287     .000
         1.869    -206.407   .2583     .000      -226.958   .2549     .000      -286.784   .2471     .000      -581.277   .2271     .000
         2.310    -231.348   .2542     .000      -254.270   .2510     .000      -320.258   .2436     .000      -628.490   .2252     .000
         2.750    -255.155   .2509     .000      -280.071   .2478     .000      -350.886   .2407     .000      -667.616   .2238     .000
         3.283    -281.065   .2477     .000      -307.967   .2447     .000      -384.080   .2381     .000      -706.192   .2225     .000
         3.995    -312.569   .2442     .000      -342.086   .2415     .000      -424.174   .2353     .000      -747.267   .2212     .000
         4.706    -342.719   .2415     .000      -374.332   .2388     .000      -460.740   .2330     .000      -781.124   .2203     .000
         5.417    -370.552   .2391     .000      -403.899   .2366     .000      -494.658   .2311     .000      -808.258   .2196     .000
         6.563    -409.789   .2362     .000      -445.680   .2339     .000      -540.102   .2288     .000      -841.212   .2186     .000
         8.281    -463.239   .2329     .000      -501.651   .2308     .000      -599.469   .2264     .000      -876.393   .2179     .000
        10.000    -509.762   .2304     .000      -549.186   .2284     .000      -648.015   .2244     .000      -901.185   .2173     .000
        11.667    -551.030   .2283     .000      -591.975   .2267     .000      -689.861   .2231     .000      -919.117   .2169     .000
        15.000    -620.086   .2255     .000      -660.514   .2241     .000      -752.805   .2211     .000      -941.679   .2164     .000
        18.036    -672.833   .2236     .000      -711.209   .2223     .000      -796.959   .2199     .000      -955.772   .2161     .000
        21.939    -728.214   .2217     .000      -764.951   .2207     .000      -840.643   .2187     .000      -967.762   .2158     .000
        27.143    -788.519   .2201     .000      -819.295   .2192     .000      -882.619   .2177     .000      -977.874   .2156     .000
        33.766    -842.572   .2186     .000      -868.994   .2180     .000      -917.692   .2169     .000      -985.546   .2155     .000
        42.045    -893.999   .2174     .000      -912.429   .2170     .000      -946.265   .2163     .000      -991.192   .2154     .000
        53.636    -934.665   .2165     .000      -946.711   .2162     .000      -968.388   .2158     .000      -995.228   .2153     .000
        69.091    -965.471   .2158     .000      -972.239   .2157     .000      -984.158   .2155     .000      -997.906   .2153     .000
        84.545    -984.106   .2155     .000      -987.253   .2154     .000      -992.872   .2153     .000      -999.332   .2152     .000
       100.000    -993.781   .2153     .000      -994.863   .2153     .000      -997.225   .2153     .000     -1000.039   .2152     .000
end
