 ******* Program HYDRUS
 ******* Test example for Onestep outflow method                                
  
 Date:   1.10.    Time:  14:11:25
 Units: L = cm   , T = hours, M = mmol 


    n      depth     THr       THs       hs       Ks        Ks/KsTop     Beta      Ah        AK        ATh

    1       .00      .170      .388        .0    .540E+01     1.000      .000     1.000     1.000     1.000
    2       .16      .170      .388        .0    .540E+01     1.000      .000     1.000     1.000     1.000
    3       .31      .170      .388        .0    .540E+01     1.000      .000     1.000     1.000     1.000
    4       .47      .170      .388        .0    .540E+01     1.000      .000     1.000     1.000     1.000
    5       .61      .170      .388        .0    .540E+01     1.000      .000     1.000     1.000     1.000
    6       .76      .170      .388        .0    .540E+01     1.000      .000     1.000     1.000     1.000
    7       .90      .170      .388        .0    .540E+01     1.000      .000     1.000     1.000     1.000
    8      1.04      .170      .388        .0    .540E+01     1.000      .000     1.000     1.000     1.000
    9      1.18      .170      .388        .0    .540E+01     1.000      .000     1.000     1.000     1.000
   10      1.31      .170      .388        .0    .540E+01     1.000      .000     1.000     1.000     1.000
   11      1.44      .170      .388        .0    .540E+01     1.000      .000     1.000     1.000     1.000
   12      1.57      .170      .388        .0    .540E+01     1.000      .000     1.000     1.000     1.000
   13      1.69      .170      .388        .0    .540E+01     1.000      .000     1.000     1.000     1.000
   14      1.81      .170      .388        .0    .540E+01     1.000      .000     1.000     1.000     1.000
   15      1.93      .170      .388        .0    .540E+01     1.000      .000     1.000     1.000     1.000
   16      2.04      .170      .388        .0    .540E+01     1.000      .000     1.000     1.000     1.000
   17      2.15      .170      .388        .0    .540E+01     1.000      .000     1.000     1.000     1.000
   18      2.26      .170      .388        .0    .540E+01     1.000      .000     1.000     1.000     1.000
   19      2.36      .170      .388        .0    .540E+01     1.000      .000     1.000     1.000     1.000
   20      2.46      .170      .388        .0    .540E+01     1.000      .000     1.000     1.000     1.000
   21      2.56      .170      .388        .0    .540E+01     1.000      .000     1.000     1.000     1.000
   22      2.65      .170      .388        .0    .540E+01     1.000      .000     1.000     1.000     1.000
   23      2.74      .170      .388        .0    .540E+01     1.000      .000     1.000     1.000     1.000
   24      2.83      .170      .388        .0    .540E+01     1.000      .000     1.000     1.000     1.000
   25      2.92      .170      .388        .0    .540E+01     1.000      .000     1.000     1.000     1.000
   26      3.00      .170      .388        .0    .540E+01     1.000      .000     1.000     1.000     1.000
   27      3.08      .170      .388        .0    .540E+01     1.000      .000     1.000     1.000     1.000
   28      3.15      .170      .388        .0    .540E+01     1.000      .000     1.000     1.000     1.000
   29      3.22      .170      .388        .0    .540E+01     1.000      .000     1.000     1.000     1.000
   30      3.29      .170      .388        .0    .540E+01     1.000      .000     1.000     1.000     1.000
   31      3.36      .170      .388        .0    .540E+01     1.000      .000     1.000     1.000     1.000
   32      3.42      .170      .388        .0    .540E+01     1.000      .000     1.000     1.000     1.000
   33      3.48      .170      .388        .0    .540E+01     1.000      .000     1.000     1.000     1.000
   34      3.53      .170      .388        .0    .540E+01     1.000      .000     1.000     1.000     1.000
   35      3.59      .170      .388        .0    .540E+01     1.000      .000     1.000     1.000     1.000
   36      3.63      .170      .388        .0    .540E+01     1.000      .000     1.000     1.000     1.000
   37      3.68      .170      .388        .0    .540E+01     1.000      .000     1.000     1.000     1.000
   38      3.72      .170      .388        .0    .540E+01     1.000      .000     1.000     1.000     1.000
   39      3.76      .170      .388        .0    .540E+01     1.000      .000     1.000     1.000     1.000
   40      3.80      .170      .388        .0    .540E+01     1.000      .000     1.000     1.000     1.000
   41      3.83      .170      .388        .0    .540E+01     1.000      .000     1.000     1.000     1.000
   42      3.86      .170      .388        .0    .540E+01     1.000      .000     1.000     1.000     1.000
   43      3.89      .170      .388        .0    .540E+01     1.000      .000     1.000     1.000     1.000
   44      3.91      .170      .388        .0    .540E+01     1.000      .000     1.000     1.000     1.000
   45      3.93      .170      .388        .0    .540E+01     1.000      .000     1.000     1.000     1.000
   46      3.95      .000     1.000**********    .300E-02      .001      .000     1.000     1.000     1.000
   47      4.09      .000     1.000**********    .300E-02      .001      .000     1.000     1.000     1.000
   48      4.24      .000     1.000**********    .300E-02      .001      .000     1.000     1.000     1.000
   49      4.38      .000     1.000**********    .300E-02      .001      .000     1.000     1.000     1.000
   50      4.52      .000     1.000**********    .300E-02      .001      .000     1.000     1.000     1.000
end
