 ******* Program HYDRUS
 ******* Test example for Onestep outflow method                                
  
 Date:   1.10.    Time:  14:11:25
 Units: L = cm   , T = hours, M = mmol 

       Time        rTop      rRoot      vTop       vRoot      vBot     sum(rTop) sum(rRoot)  sum(vTop) sum(vRoot)  sum(vBot)    hTop       hRoot      hBot      t-level
        [T]       [L/T]      [L/T]      [L/T]      [L/T]      [L/T]       [L]        [L]        [L]        [L]        [L]        [L]        [L]        [L]

        .00100   .000E+00   .000E+00  -.236E-06   .000E+00  -.525E+01   .000E+00   .000E+00  -.236E-09   .000E+00  -.525E-02  -.290E+01   .000E+00  -.100E+04       1
        .00200   .000E+00   .000E+00   .224E-06   .000E+00  -.524E+01   .000E+00   .000E+00  -.125E-10   .000E+00  -.105E-01  -.372E+01   .000E+00  -.100E+04       2
        .00300   .000E+00   .000E+00  -.176E-06   .000E+00  -.523E+01   .000E+00   .000E+00  -.189E-09   .000E+00  -.157E-01  -.444E+01   .000E+00  -.100E+04       3
        .00427   .000E+00   .000E+00   .130E-05   .000E+00  -.522E+01   .000E+00   .000E+00   .147E-08   .000E+00  -.224E-01  -.532E+01   .000E+00  -.100E+04       4
        .00586   .000E+00   .000E+00   .116E-05   .000E+00  -.521E+01   .000E+00   .000E+00   .331E-08   .000E+00  -.307E-01  -.631E+01   .000E+00  -.100E+04       5
        .00809   .000E+00   .000E+00  -.123E-05   .000E+00  -.519E+01   .000E+00   .000E+00   .582E-09   .000E+00  -.422E-01  -.760E+01   .000E+00  -.100E+04       6
        .01106   .000E+00   .000E+00   .196E-05   .000E+00  -.517E+01   .000E+00   .000E+00   .639E-08   .000E+00  -.576E-01  -.919E+01   .000E+00  -.100E+04       7
        .01403   .000E+00   .000E+00   .112E-05   .000E+00  -.513E+01   .000E+00   .000E+00   .971E-08   .000E+00  -.728E-01  -.107E+02   .000E+00  -.100E+04       8
        .01700   .000E+00   .000E+00   .379E-07   .000E+00  -.509E+01   .000E+00   .000E+00   .983E-08   .000E+00  -.879E-01  -.121E+02   .000E+00  -.100E+04       9
        .02100   .000E+00   .000E+00   .642E-06   .000E+00  -.501E+01   .000E+00   .000E+00   .124E-07   .000E+00  -.108E+00  -.139E+02   .000E+00  -.100E+04      10
        .02500   .000E+00   .000E+00   .820E-09   .000E+00  -.486E+01   .000E+00   .000E+00   .124E-07   .000E+00  -.127E+00  -.157E+02   .000E+00  -.100E+04      11
        .02767   .000E+00   .000E+00   .147E-05   .000E+00  -.469E+01   .000E+00   .000E+00   .163E-07   .000E+00  -.140E+00  -.168E+02   .000E+00  -.100E+04      12
        .02944   .000E+00   .000E+00  -.767E-06   .000E+00  -.451E+01   .000E+00   .000E+00   .150E-07   .000E+00  -.148E+00  -.176E+02   .000E+00  -.100E+04      13
        .03122   .000E+00   .000E+00  -.564E-07   .000E+00  -.427E+01   .000E+00   .000E+00   .149E-07   .000E+00  -.156E+00  -.183E+02   .000E+00  -.100E+04      14
        .03300   .000E+00   .000E+00   .446E-06   .000E+00  -.399E+01   .000E+00   .000E+00   .156E-07   .000E+00  -.163E+00  -.190E+02   .000E+00  -.100E+04      15
        .03389   .000E+00   .000E+00   .275E-06   .000E+00  -.383E+01   .000E+00   .000E+00   .159E-07   .000E+00  -.166E+00  -.194E+02   .000E+00  -.100E+04      16
        .03451   .000E+00   .000E+00   .374E-06   .000E+00  -.371E+01   .000E+00   .000E+00   .161E-07   .000E+00  -.168E+00  -.196E+02   .000E+00  -.100E+04      17
        .03533   .000E+00   .000E+00  -.705E-06   .000E+00  -.357E+01   .000E+00   .000E+00   .155E-07   .000E+00  -.171E+00  -.200E+02   .000E+00  -.100E+04      18
        .03614   .000E+00   .000E+00  -.215E-07   .000E+00  -.343E+01   .000E+00   .000E+00   .155E-07   .000E+00  -.174E+00  -.203E+02   .000E+00  -.100E+04      19
        .03672   .000E+00   .000E+00  -.589E-06   .000E+00  -.333E+01   .000E+00   .000E+00   .152E-07   .000E+00  -.176E+00  -.205E+02   .000E+00  -.100E+04      20
        .03746   .000E+00   .000E+00  -.106E-05   .000E+00  -.323E+01   .000E+00   .000E+00   .144E-07   .000E+00  -.178E+00  -.208E+02   .000E+00  -.100E+04      21
        .03820   .000E+00   .000E+00   .898E-06   .000E+00  -.312E+01   .000E+00   .000E+00   .151E-07   .000E+00  -.181E+00  -.211E+02   .000E+00  -.100E+04      22
        .03871   .000E+00   .000E+00   .291E-05   .000E+00  -.304E+01   .000E+00   .000E+00   .166E-07   .000E+00  -.182E+00  -.213E+02   .000E+00  -.100E+04      23
        .03922   .000E+00   .000E+00   .123E-05   .000E+00  -.297E+01   .000E+00   .000E+00   .172E-07   .000E+00  -.184E+00  -.215E+02   .000E+00  -.100E+04      24
        .03974   .000E+00   .000E+00  -.131E-05   .000E+00  -.291E+01   .000E+00   .000E+00   .165E-07   .000E+00  -.185E+00  -.217E+02   .000E+00  -.100E+04      25
        .04042   .000E+00   .000E+00  -.554E-06   .000E+00  -.284E+01   .000E+00   .000E+00   .161E-07   .000E+00  -.187E+00  -.219E+02   .000E+00  -.100E+04      26
        .04090   .000E+00   .000E+00   .319E-05   .000E+00  -.280E+01   .000E+00   .000E+00   .177E-07   .000E+00  -.189E+00  -.221E+02   .000E+00  -.100E+04      27
        .04151   .000E+00   .000E+00   .121E-05   .000E+00  -.275E+01   .000E+00   .000E+00   .184E-07   .000E+00  -.190E+00  -.223E+02   .000E+00  -.100E+04      28
        .04211   .000E+00   .000E+00   .101E-05   .000E+00  -.269E+01   .000E+00   .000E+00   .190E-07   .000E+00  -.192E+00  -.226E+02   .000E+00  -.100E+04      29
        .04272   .000E+00   .000E+00   .386E-06   .000E+00  -.264E+01   .000E+00   .000E+00   .193E-07   .000E+00  -.193E+00  -.228E+02   .000E+00  -.100E+04      30
        .04353   .000E+00   .000E+00   .454E-06   .000E+00  -.257E+01   .000E+00   .000E+00   .196E-07   .000E+00  -.195E+00  -.231E+02   .000E+00  -.100E+04      31
        .04434   .000E+00   .000E+00  -.192E-05   .000E+00  -.250E+01   .000E+00   .000E+00   .181E-07   .000E+00  -.198E+00  -.234E+02   .000E+00  -.100E+04      32
        .04547   .000E+00   .000E+00   .244E-07   .000E+00  -.243E+01   .000E+00   .000E+00   .181E-07   .000E+00  -.200E+00  -.238E+02   .000E+00  -.100E+04      33
        .04623   .000E+00   .000E+00   .353E-06   .000E+00  -.238E+01   .000E+00   .000E+00   .184E-07   .000E+00  -.202E+00  -.241E+02   .000E+00  -.100E+04      34
        .04717   .000E+00   .000E+00  -.516E-06   .000E+00  -.232E+01   .000E+00   .000E+00   .179E-07   .000E+00  -.204E+00  -.244E+02   .000E+00  -.100E+04      35
        .04811   .000E+00   .000E+00  -.320E-06   .000E+00  -.226E+01   .000E+00   .000E+00   .176E-07   .000E+00  -.206E+00  -.247E+02   .000E+00  -.100E+04      36
        .04906   .000E+00   .000E+00  -.168E-05   .000E+00  -.221E+01   .000E+00   .000E+00   .160E-07   .000E+00  -.208E+00  -.251E+02   .000E+00  -.100E+04      37
        .05000   .000E+00   .000E+00   .838E-07   .000E+00  -.217E+01   .000E+00   .000E+00   .161E-07   .000E+00  -.211E+00  -.254E+02   .000E+00  -.100E+04      38
        .05094   .000E+00   .000E+00   .970E-06   .000E+00  -.212E+01   .000E+00   .000E+00   .170E-07   .000E+00  -.213E+00  -.257E+02   .000E+00  -.100E+04      39
        .05217   .000E+00   .000E+00   .167E-07   .000E+00  -.207E+01   .000E+00   .000E+00   .170E-07   .000E+00  -.215E+00  -.261E+02   .000E+00  -.100E+04      40
        .05339   .000E+00   .000E+00  -.892E-06   .000E+00  -.201E+01   .000E+00   .000E+00   .159E-07   .000E+00  -.217E+00  -.265E+02   .000E+00  -.100E+04      41
        .05461   .000E+00   .000E+00   .165E-05   .000E+00  -.196E+01   .000E+00   .000E+00   .179E-07   .000E+00  -.220E+00  -.269E+02   .000E+00  -.100E+04      42
        .05583   .000E+00   .000E+00   .748E-06   .000E+00  -.191E+01   .000E+00   .000E+00   .189E-07   .000E+00  -.222E+00  -.273E+02   .000E+00  -.100E+04      43
        .05705   .000E+00   .000E+00   .148E-06   .000E+00  -.187E+01   .000E+00   .000E+00   .190E-07   .000E+00  -.225E+00  -.277E+02   .000E+00  -.100E+04      44
        .05827   .000E+00   .000E+00   .156E-05   .000E+00  -.182E+01   .000E+00   .000E+00   .209E-07   .000E+00  -.227E+00  -.281E+02   .000E+00  -.100E+04      45
        .05950   .000E+00   .000E+00  -.283E-06   .000E+00  -.178E+01   .000E+00   .000E+00   .206E-07   .000E+00  -.229E+00  -.285E+02   .000E+00  -.100E+04      46
        .06072   .000E+00   .000E+00   .659E-06   .000E+00  -.174E+01   .000E+00   .000E+00   .214E-07   .000E+00  -.231E+00  -.289E+02   .000E+00  -.100E+04      47
        .06194   .000E+00   .000E+00   .127E-05   .000E+00  -.171E+01   .000E+00   .000E+00   .229E-07   .000E+00  -.233E+00  -.292E+02   .000E+00  -.100E+04      48
        .06353   .000E+00   .000E+00   .703E-07   .000E+00  -.166E+01   .000E+00   .000E+00   .231E-07   .000E+00  -.236E+00  -.297E+02   .000E+00  -.100E+04      49
        .06512   .000E+00   .000E+00   .166E-06   .000E+00  -.162E+01   .000E+00   .000E+00   .233E-07   .000E+00  -.238E+00  -.302E+02   .000E+00  -.100E+04      50
        .06671   .000E+00   .000E+00   .496E-07   .000E+00  -.158E+01   .000E+00   .000E+00   .234E-07   .000E+00  -.241E+00  -.306E+02   .000E+00  -.100E+04      51
        .06876   .000E+00   .000E+00   .666E-06   .000E+00  -.153E+01   .000E+00   .000E+00   .248E-07   .000E+00  -.244E+00  -.312E+02   .000E+00  -.100E+04      52
        .07081   .000E+00   .000E+00  -.888E-06   .000E+00  -.149E+01   .000E+00   .000E+00   .229E-07   .000E+00  -.247E+00  -.318E+02   .000E+00  -.100E+04      53
        .07285   .000E+00   .000E+00   .147E-05   .000E+00  -.144E+01   .000E+00   .000E+00   .260E-07   .000E+00  -.250E+00  -.324E+02   .000E+00  -.100E+04      54
        .07554   .000E+00   .000E+00   .246E-06   .000E+00  -.139E+01   .000E+00   .000E+00   .266E-07   .000E+00  -.254E+00  -.332E+02   .000E+00  -.100E+04      55
        .07741   .000E+00   .000E+00   .123E-05   .000E+00  -.135E+01   .000E+00   .000E+00   .289E-07   .000E+00  -.256E+00  -.337E+02   .000E+00  -.100E+04      56
        .07983   .000E+00   .000E+00   .152E-05   .000E+00  -.130E+01   .000E+00   .000E+00   .326E-07   .000E+00  -.259E+00  -.343E+02   .000E+00  -.100E+04      57
        .08306   .000E+00   .000E+00   .127E-06   .000E+00  -.126E+01   .000E+00   .000E+00   .330E-07   .000E+00  -.263E+00  -.351E+02   .000E+00  -.100E+04      58
        .08726   .000E+00   .000E+00   .248E-07   .000E+00  -.120E+01   .000E+00   .000E+00   .331E-07   .000E+00  -.268E+00  -.362E+02   .000E+00  -.100E+04      59
        .09145   .000E+00   .000E+00  -.186E-06   .000E+00  -.114E+01   .000E+00   .000E+00   .323E-07   .000E+00  -.273E+00  -.373E+02   .000E+00  -.100E+04      60
        .09565   .000E+00   .000E+00  -.117E-05   .000E+00  -.108E+01   .000E+00   .000E+00   .274E-07   .000E+00  -.278E+00  -.383E+02   .000E+00  -.100E+04      61
        .10114   .000E+00   .000E+00   .605E-06   .000E+00  -.103E+01   .000E+00   .000E+00   .307E-07   .000E+00  -.283E+00  -.395E+02   .000E+00  -.100E+04      62
        .10663   .000E+00   .000E+00  -.448E-06   .000E+00  -.968E+00   .000E+00   .000E+00   .283E-07   .000E+00  -.289E+00  -.408E+02   .000E+00  -.100E+04      63
        .11334   .000E+00   .000E+00   .807E-06   .000E+00  -.915E+00   .000E+00   .000E+00   .337E-07   .000E+00  -.295E+00  -.423E+02   .000E+00  -.100E+04      64
        .11821   .000E+00   .000E+00  -.290E-06   .000E+00  -.877E+00   .000E+00   .000E+00   .323E-07   .000E+00  -.299E+00  -.434E+02   .000E+00  -.100E+04      65
        .12170   .000E+00   .000E+00  -.938E-07   .000E+00  -.850E+00   .000E+00   .000E+00   .319E-07   .000E+00  -.302E+00  -.441E+02   .000E+00  -.100E+04      66
        .12623   .000E+00   .000E+00  -.265E-07   .000E+00  -.818E+00   .000E+00   .000E+00   .318E-07   .000E+00  -.306E+00  -.451E+02   .000E+00  -.100E+04      67
        .13205   .000E+00   .000E+00  -.407E-06   .000E+00  -.777E+00   .000E+00   .000E+00   .294E-07   .000E+00  -.310E+00  -.462E+02   .000E+00  -.100E+04      68
        .13904   .000E+00   .000E+00  -.700E-06   .000E+00  -.737E+00   .000E+00   .000E+00   .246E-07   .000E+00  -.316E+00  -.476E+02   .000E+00  -.100E+04      69
        .14836   .000E+00   .000E+00   .118E-06   .000E+00  -.689E+00   .000E+00   .000E+00   .257E-07   .000E+00  -.322E+00  -.495E+02   .000E+00  -.100E+04      70
        .15457   .000E+00   .000E+00   .184E-06   .000E+00  -.662E+00   .000E+00   .000E+00   .268E-07   .000E+00  -.326E+00  -.507E+02   .000E+00  -.100E+04      71
        .16700   .000E+00   .000E+00   .516E-07   .000E+00  -.612E+00   .000E+00   .000E+00   .274E-07   .000E+00  -.334E+00  -.529E+02   .000E+00  -.100E+04      72
        .17317   .000E+00   .000E+00  -.162E-06   .000E+00  -.589E+00   .000E+00   .000E+00   .264E-07   .000E+00  -.337E+00  -.540E+02   .000E+00  -.100E+04      73
        .17933   .000E+00   .000E+00   .133E-06   .000E+00  -.566E+00   .000E+00   .000E+00   .273E-07   .000E+00  -.341E+00  -.550E+02   .000E+00  -.100E+04      74
        .18735   .000E+00   .000E+00  -.182E-06   .000E+00  -.540E+00   .000E+00   .000E+00   .258E-07   .000E+00  -.345E+00  -.565E+02   .000E+00  -.100E+04      75
        .19537   .000E+00   .000E+00   .144E-06   .000E+00  -.515E+00   .000E+00   .000E+00   .270E-07   .000E+00  -.349E+00  -.579E+02   .000E+00  -.100E+04      76
        .20338   .000E+00   .000E+00  -.200E-06   .000E+00  -.496E+00   .000E+00   .000E+00   .254E-07   .000E+00  -.353E+00  -.593E+02   .000E+00  -.100E+04      77
        .21398   .000E+00   .000E+00  -.116E-06   .000E+00  -.470E+00   .000E+00   .000E+00   .241E-07   .000E+00  -.358E+00  -.610E+02   .000E+00  -.100E+04      78
        .22457   .000E+00   .000E+00   .296E-06   .000E+00  -.446E+00   .000E+00   .000E+00   .273E-07   .000E+00  -.363E+00  -.626E+02   .000E+00  -.100E+04      79
        .23516   .000E+00   .000E+00   .167E-06   .000E+00  -.425E+00   .000E+00   .000E+00   .290E-07   .000E+00  -.367E+00  -.642E+02   .000E+00  -.100E+04      80
        .24576   .000E+00   .000E+00   .370E-06   .000E+00  -.404E+00   .000E+00   .000E+00   .330E-07   .000E+00  -.372E+00  -.660E+02   .000E+00  -.100E+04      81
        .25914   .000E+00   .000E+00   .265E-06   .000E+00  -.381E+00   .000E+00   .000E+00   .365E-07   .000E+00  -.377E+00  -.680E+02   .000E+00  -.100E+04      82
        .27252   .000E+00   .000E+00   .238E-06   .000E+00  -.362E+00   .000E+00   .000E+00   .397E-07   .000E+00  -.382E+00  -.699E+02   .000E+00  -.100E+04      83
        .29002   .000E+00   .000E+00  -.281E-06   .000E+00  -.338E+00   .000E+00   .000E+00   .348E-07   .000E+00  -.388E+00  -.723E+02   .000E+00  -.100E+04      84
        .30752   .000E+00   .000E+00  -.108E-06   .000E+00  -.318E+00   .000E+00   .000E+00   .329E-07   .000E+00  -.393E+00  -.747E+02   .000E+00  -.100E+04      85
        .33158   .000E+00   .000E+00   .170E-06   .000E+00  -.293E+00   .000E+00   .000E+00   .370E-07   .000E+00  -.400E+00  -.780E+02   .000E+00  -.100E+04      86
        .35564   .000E+00   .000E+00   .123E-06   .000E+00  -.269E+00   .000E+00   .000E+00   .399E-07   .000E+00  -.407E+00  -.811E+02   .000E+00  -.100E+04      87
        .38451   .000E+00   .000E+00   .189E-06   .000E+00  -.249E+00   .000E+00   .000E+00   .454E-07   .000E+00  -.414E+00  -.846E+02   .000E+00  -.100E+04      88
        .41338   .000E+00   .000E+00  -.231E-06   .000E+00  -.231E+00   .000E+00   .000E+00   .387E-07   .000E+00  -.420E+00  -.882E+02   .000E+00  -.100E+04      89
        .45669   .000E+00   .000E+00  -.139E-06   .000E+00  -.206E+00   .000E+00   .000E+00   .327E-07   .000E+00  -.429E+00  -.932E+02   .000E+00  -.100E+04      90
        .47835   .000E+00   .000E+00  -.182E-06   .000E+00  -.196E+00   .000E+00   .000E+00   .287E-07   .000E+00  -.434E+00  -.955E+02   .000E+00  -.100E+04      91
        .50000   .000E+00   .000E+00  -.147E-06   .000E+00  -.186E+00   .000E+00   .000E+00   .256E-07   .000E+00  -.438E+00  -.979E+02   .000E+00  -.100E+04      92
        .53553   .000E+00   .000E+00  -.844E-07   .000E+00  -.172E+00   .000E+00   .000E+00   .226E-07   .000E+00  -.444E+00  -.102E+03   .000E+00  -.100E+04      93
        .58076   .000E+00   .000E+00   .707E-07   .000E+00  -.158E+00   .000E+00   .000E+00   .258E-07   .000E+00  -.451E+00  -.107E+03   .000E+00  -.100E+04      94
        .63729   .000E+00   .000E+00  -.126E-09   .000E+00  -.141E+00   .000E+00   .000E+00   .258E-07   .000E+00  -.459E+00  -.112E+03   .000E+00  -.100E+04      95
        .71643   .000E+00   .000E+00   .348E-07   .000E+00  -.124E+00   .000E+00   .000E+00   .285E-07   .000E+00  -.469E+00  -.120E+03   .000E+00  -.100E+04      96
        .79557   .000E+00   .000E+00  -.231E-08   .000E+00  -.110E+00   .000E+00   .000E+00   .283E-07   .000E+00  -.477E+00  -.127E+03   .000E+00  -.100E+04      97
        .91429   .000E+00   .000E+00   .138E-06   .000E+00  -.945E-01   .000E+00   .000E+00   .447E-07   .000E+00  -.489E+00  -.137E+03   .000E+00  -.100E+04      98
       1.03300   .000E+00   .000E+00   .291E-07   .000E+00  -.821E-01   .000E+00   .000E+00   .481E-07   .000E+00  -.498E+00  -.146E+03   .000E+00  -.100E+04      99
       1.16508   .000E+00   .000E+00   .264E-07   .000E+00  -.710E-01   .000E+00   .000E+00   .516E-07   .000E+00  -.508E+00  -.157E+03   .000E+00  -.100E+04     100
       1.34118   .000E+00   .000E+00  -.478E-07   .000E+00  -.604E-01   .000E+00   .000E+00   .432E-07   .000E+00  -.518E+00  -.169E+03   .000E+00  -.100E+04     101
       1.57598   .000E+00   .000E+00   .189E-07   .000E+00  -.502E-01   .000E+00   .000E+00   .476E-07   .000E+00  -.530E+00  -.185E+03   .000E+00  -.100E+04     102
       1.86949   .000E+00   .000E+00   .267E-07   .000E+00  -.411E-01   .000E+00   .000E+00   .555E-07   .000E+00  -.542E+00  -.203E+03   .000E+00  -.100E+04     103
       2.30974   .000E+00   .000E+00  -.408E-08   .000E+00  -.320E-01   .000E+00   .000E+00   .537E-07   .000E+00  -.556E+00  -.228E+03   .000E+00  -.100E+04     104
       2.75000   .000E+00   .000E+00   .141E-08   .000E+00  -.258E-01   .000E+00   .000E+00   .543E-07   .000E+00  -.568E+00  -.251E+03   .000E+00  -.100E+04     105
       3.28340   .000E+00   .000E+00   .513E-08   .000E+00  -.206E-01   .000E+00   .000E+00   .570E-07   .000E+00  -.579E+00  -.277E+03   .000E+00  -.100E+04     106
       3.99460   .000E+00   .000E+00   .294E-08   .000E+00  -.162E-01   .000E+00   .000E+00   .591E-07   .000E+00  -.590E+00  -.308E+03   .000E+00  -.100E+04     107
       4.70580   .000E+00   .000E+00   .661E-08   .000E+00  -.131E-01   .000E+00   .000E+00   .638E-07   .000E+00  -.599E+00  -.338E+03   .000E+00  -.100E+04     108
       5.41700   .000E+00   .000E+00   .876E-08   .000E+00  -.108E-01   .000E+00   .000E+00   .701E-07   .000E+00  -.607E+00  -.365E+03   .000E+00  -.100E+04     109
       6.56275   .000E+00   .000E+00  -.214E-08   .000E+00  -.837E-02   .000E+00   .000E+00   .676E-07   .000E+00  -.617E+00  -.404E+03   .000E+00  -.100E+04     110
       8.28137   .000E+00   .000E+00   .767E-09   .000E+00  -.618E-02   .000E+00   .000E+00   .689E-07   .000E+00  -.627E+00  -.457E+03   .000E+00  -.100E+04     111
      10.00000   .000E+00   .000E+00  -.118E-08   .000E+00  -.469E-02   .000E+00   .000E+00   .669E-07   .000E+00  -.635E+00  -.503E+03   .000E+00  -.100E+04     112
      11.66667   .000E+00   .000E+00  -.782E-08   .000E+00  -.373E-02   .000E+00   .000E+00   .539E-07   .000E+00  -.642E+00  -.544E+03   .000E+00  -.100E+04     113
      15.00000   .000E+00   .000E+00  -.136E-08   .000E+00  -.260E-02   .000E+00   .000E+00   .493E-07   .000E+00  -.650E+00  -.613E+03   .000E+00  -.100E+04     114
      18.03572   .000E+00   .000E+00  -.334E-08   .000E+00  -.192E-02   .000E+00   .000E+00   .392E-07   .000E+00  -.656E+00  -.666E+03   .000E+00  -.100E+04     115
      21.93878   .000E+00   .000E+00  -.113E-08   .000E+00  -.137E-02   .000E+00   .000E+00   .348E-07   .000E+00  -.661E+00  -.721E+03   .000E+00  -.100E+04     116
      27.14286   .000E+00   .000E+00  -.215E-08   .000E+00  -.942E-03   .000E+00   .000E+00   .236E-07   .000E+00  -.666E+00  -.783E+03   .000E+00  -.100E+04     117
      33.76624   .000E+00   .000E+00   .891E-10   .000E+00  -.623E-03   .000E+00   .000E+00   .242E-07   .000E+00  -.671E+00  -.838E+03   .000E+00  -.100E+04     118
      42.04546   .000E+00   .000E+00  -.913E-09   .000E+00  -.386E-03   .000E+00   .000E+00   .166E-07   .000E+00  -.674E+00  -.891E+03   .000E+00  -.100E+04     119
      53.63636   .000E+00   .000E+00   .150E-08   .000E+00  -.223E-03   .000E+00   .000E+00   .340E-07   .000E+00  -.676E+00  -.933E+03   .000E+00  -.100E+04     120
      69.09091   .000E+00   .000E+00  -.101E-08   .000E+00  -.111E-03   .000E+00   .000E+00   .185E-07   .000E+00  -.678E+00  -.965E+03   .000E+00  -.100E+04     121
      84.54546   .000E+00   .000E+00   .522E-09   .000E+00  -.600E-04   .000E+00   .000E+00   .266E-07   .000E+00  -.679E+00  -.984E+03   .000E+00  -.100E+04     122
     100.00000   .000E+00   .000E+00  -.874E-09   .000E+00  -.266E-04   .000E+00   .000E+00   .130E-07   .000E+00  -.679E+00  -.994E+03   .000E+00  -.100E+04     123
end
